2023-11-12 20:08:59.236 [info] Log level: Info
2023-11-12 20:08:59.236 [info] Validating found git in: "git"
2023-11-12 20:08:59.236 [info] Using git "2.34.1" from "git"
2023-11-12 20:08:59.236 [info] > git rev-parse --show-toplevel [22ms]
2023-11-12 20:08:59.236 [info] > git rev-parse --git-dir --git-common-dir [6ms]
2023-11-12 20:08:59.236 [info] Open repository: /home/ubuntu/Ansible-config-mgt
2023-11-12 20:08:59.236 [info] > git config --get commit.template [12ms]
2023-11-12 20:08:59.236 [info] > git rev-parse --show-toplevel [21ms]
2023-11-12 20:08:59.236 [info] > git rev-parse --show-toplevel [5ms]
2023-11-12 20:08:59.236 [info] > git for-each-ref --format=%(refname)%00%(upstream:short)%00%(objectname)%00%(upstream:track)%00%(upstream:remotename)%00%(upstream:remoteref) refs/heads/main refs/remotes/main [42ms]
2023-11-12 20:08:59.236 [info] > git rev-parse --show-toplevel [15ms]
2023-11-12 20:08:59.253 [info] > git status -z -uall [22ms]
2023-11-12 20:08:59.316 [info] > git rev-parse --show-toplevel [65ms]
2023-11-12 20:08:59.331 [info] > git config --get commit.template [15ms]
2023-11-12 20:08:59.339 [info] > git rev-parse --show-toplevel [9ms]
2023-11-12 20:08:59.350 [info] > git for-each-ref --format=%(refname)%00%(upstream:short)%00%(objectname)%00%(upstream:track)%00%(upstream:remotename)%00%(upstream:remoteref) refs/heads/main refs/remotes/main [14ms]
2023-11-12 20:08:59.358 [info] > git rev-parse --show-toplevel [9ms]
2023-11-12 20:08:59.384 [info] > git status -z -uall [28ms]
2023-11-12 20:08:59.401 [info] > git rev-parse --show-toplevel [18ms]
2023-11-12 20:08:59.748 [info] > git check-ignore -v -z --stdin [3ms]
2023-11-12 20:09:28.532 [info] > git check-ignore -v -z --stdin [2ms]
2023-11-12 20:10:42.751 [info] > git show --textconv :playbooks/site.yml [9ms]
2023-11-12 20:10:42.754 [info] > git ls-files --stage -- /home/ubuntu/Ansible-config-mgt/playbooks/site.yml [6ms]
2023-11-12 20:10:42.760 [info] > git cat-file -s 7238c54fec583a88a8738c970a9f2c6068658a75 [2ms]
2023-11-12 20:10:47.121 [info] > git check-ignore -v -z --stdin [3ms]
2023-11-12 20:10:48.463 [info] > git show --textconv :static-assignments/common-del.yml [6ms]
2023-11-12 20:10:48.466 [info] > git ls-files --stage -- /home/ubuntu/Ansible-config-mgt/static-assignments/common-del.yml [4ms]
2023-11-12 20:10:48.471 [info] > git cat-file -s eb5d22807da0e2c70533a18c9dea497467840c4b [1ms]
2023-11-12 20:12:56.620 [info] > git check-ignore -v -z --stdin [3ms]
2023-11-12 20:13:04.844 [info] > git check-ignore -v -z --stdin [3ms]
2023-11-12 20:13:06.729 [info] > git check-ignore -v -z --stdin [3ms]
2023-11-12 20:15:45.601 [warning] ENOENT: no such file or directory, open '/home/ubuntu/Ansible-config-mgt/.git/HEAD'
2023-11-12 20:15:45.608 [warning] getRemotes() - ENOENT: no such file or directory, open '/home/ubuntu/Ansible-config-mgt/.git/config'
2023-11-12 20:15:45.624 [warning] ENOENT: no such file or directory, open '/home/ubuntu/Ansible-config-mgt/.git/HEAD'
2023-11-12 20:15:45.630 [warning] getRemotes() - ENOENT: no such file or directory, open '/home/ubuntu/Ansible-config-mgt/.git/config'
