2023-11-11 22:03:50.202 [info] Log level: Info
2023-11-11 22:03:50.202 [info] Validating found git in: "git"
2023-11-11 22:03:50.202 [info] Using git "2.34.1" from "git"
2023-11-11 22:03:50.202 [info] > git rev-parse --show-toplevel [41ms]
2023-11-11 22:03:50.207 [info] > git rev-parse --git-dir --git-common-dir [25ms]
2023-11-11 22:03:50.247 [info] Open repository: /home/ubuntu
2023-11-11 22:03:50.299 [info] > git rev-parse --show-toplevel [36ms]
2023-11-11 22:03:50.305 [info] > git config --get commit.template [46ms]
2023-11-11 22:03:50.330 [info] No remotes found in the git config file.
2023-11-11 22:03:50.346 [info] > git for-each-ref --format=%(refname)%00%(upstream:short)%00%(objectname)%00%(upstream:track)%00%(upstream:remotename)%00%(upstream:remoteref) refs/heads/master refs/remotes/master [18ms]
2023-11-11 22:03:50.359 [info] > git rev-parse --show-toplevel [40ms]
2023-11-11 22:03:50.390 [info] > git rev-parse --show-toplevel [10ms]
2023-11-11 22:03:50.450 [info] > git rev-parse --show-toplevel [21ms]
2023-11-11 22:03:50.481 [info] > git rev-parse --show-toplevel [8ms]
2023-11-11 22:03:50.665 [info] > git status -z -uall [307ms]
2023-11-11 22:03:51.827 [info] > git config --get commit.template [115ms]
2023-11-11 22:03:51.841 [info] No remotes found in the git config file.
2023-11-11 22:03:51.866 [info] > git check-ignore -v -z --stdin [65ms]
2023-11-11 22:03:51.870 [info] > git for-each-ref --format=%(refname)%00%(upstream:short)%00%(objectname)%00%(upstream:track)%00%(upstream:remotename)%00%(upstream:remoteref) refs/heads/master refs/remotes/master [29ms]
2023-11-11 22:03:52.006 [info] > git status -z -uall [112ms]
2023-11-11 22:03:55.120 [info] No remotes found in the git config file.
2023-11-11 22:03:55.122 [info] > git config --get commit.template [9ms]
2023-11-11 22:03:55.124 [info] > git for-each-ref --format=%(refname)%00%(upstream:short)%00%(objectname)%00%(upstream:track)%00%(upstream:remotename)%00%(upstream:remoteref) refs/heads/master refs/remotes/master [5ms]
2023-11-11 22:03:55.180 [info] > git status -z -uall [36ms]
2023-11-11 22:04:00.247 [info] No remotes found in the git config file.
2023-11-11 22:04:00.249 [info] > git config --get commit.template [8ms]
2023-11-11 22:04:00.252 [info] > git for-each-ref --format=%(refname)%00%(upstream:short)%00%(objectname)%00%(upstream:track)%00%(upstream:remotename)%00%(upstream:remoteref) refs/heads/master refs/remotes/master [5ms]
2023-11-11 22:04:00.284 [info] > git status -z -uall [26ms]
2023-11-11 22:04:05.354 [info] No remotes found in the git config file.
2023-11-11 22:04:05.355 [info] > git config --get commit.template [9ms]
2023-11-11 22:04:05.357 [info] > git for-each-ref --format=%(refname)%00%(upstream:short)%00%(objectname)%00%(upstream:track)%00%(upstream:remotename)%00%(upstream:remoteref) refs/heads/master refs/remotes/master [4ms]
2023-11-11 22:04:05.391 [info] > git status -z -uall [29ms]
2023-11-11 22:04:10.448 [info] No remotes found in the git config file.
2023-11-11 22:04:10.449 [info] > git config --get commit.template [8ms]
2023-11-11 22:04:10.452 [info] > git for-each-ref --format=%(refname)%00%(upstream:short)%00%(objectname)%00%(upstream:track)%00%(upstream:remotename)%00%(upstream:remoteref) refs/heads/master refs/remotes/master [4ms]
2023-11-11 22:04:10.482 [info] > git status -z -uall [25ms]
2023-11-11 22:04:15.539 [info] No remotes found in the git config file.
2023-11-11 22:04:15.541 [info] > git config --get commit.template [9ms]
2023-11-11 22:04:15.543 [info] > git for-each-ref --format=%(refname)%00%(upstream:short)%00%(objectname)%00%(upstream:track)%00%(upstream:remotename)%00%(upstream:remoteref) refs/heads/master refs/remotes/master [4ms]
2023-11-11 22:04:15.575 [info] > git status -z -uall [27ms]
2023-11-11 22:04:20.637 [info] No remotes found in the git config file.
2023-11-11 22:04:20.638 [info] > git config --get commit.template [8ms]
2023-11-11 22:04:20.641 [info] > git for-each-ref --format=%(refname)%00%(upstream:short)%00%(objectname)%00%(upstream:track)%00%(upstream:remotename)%00%(upstream:remoteref) refs/heads/master refs/remotes/master [4ms]
2023-11-11 22:04:20.671 [info] > git status -z -uall [26ms]
2023-11-11 22:04:32.518 [info] No remotes found in the git config file.
2023-11-11 22:04:32.519 [info] > git config --get commit.template [8ms]
2023-11-11 22:04:32.522 [info] > git for-each-ref --format=%(refname)%00%(upstream:short)%00%(objectname)%00%(upstream:track)%00%(upstream:remotename)%00%(upstream:remoteref) refs/heads/master refs/remotes/master [4ms]
2023-11-11 22:04:32.559 [info] > git status -z -uall [32ms]
2023-11-11 22:04:37.651 [info] No remotes found in the git config file.
2023-11-11 22:04:37.652 [info] > git config --get commit.template [8ms]
2023-11-11 22:04:37.654 [info] > git for-each-ref --format=%(refname)%00%(upstream:short)%00%(objectname)%00%(upstream:track)%00%(upstream:remotename)%00%(upstream:remoteref) refs/heads/master refs/remotes/master [4ms]
2023-11-11 22:04:37.684 [info] > git status -z -uall [24ms]
2023-11-11 22:04:42.758 [info] No remotes found in the git config file.
2023-11-11 22:04:42.759 [info] > git config --get commit.template [9ms]
2023-11-11 22:04:42.761 [info] > git for-each-ref --format=%(refname)%00%(upstream:short)%00%(objectname)%00%(upstream:track)%00%(upstream:remotename)%00%(upstream:remoteref) refs/heads/master refs/remotes/master [3ms]
2023-11-11 22:04:42.792 [info] > git status -z -uall [25ms]
2023-11-11 22:04:47.853 [info] No remotes found in the git config file.
2023-11-11 22:04:47.855 [info] > git config --get commit.template [9ms]
2023-11-11 22:04:47.857 [info] > git for-each-ref --format=%(refname)%00%(upstream:short)%00%(objectname)%00%(upstream:track)%00%(upstream:remotename)%00%(upstream:remoteref) refs/heads/master refs/remotes/master [4ms]
2023-11-11 22:04:47.890 [info] > git status -z -uall [26ms]
2023-11-11 22:04:52.945 [info] No remotes found in the git config file.
2023-11-11 22:04:52.946 [info] > git config --get commit.template [8ms]
2023-11-11 22:04:52.948 [info] > git for-each-ref --format=%(refname)%00%(upstream:short)%00%(objectname)%00%(upstream:track)%00%(upstream:remotename)%00%(upstream:remoteref) refs/heads/master refs/remotes/master [3ms]
2023-11-11 22:04:52.983 [info] > git status -z -uall [29ms]
2023-11-11 22:04:58.042 [info] No remotes found in the git config file.
2023-11-11 22:04:58.043 [info] > git config --get commit.template [8ms]
2023-11-11 22:04:58.045 [info] > git for-each-ref --format=%(refname)%00%(upstream:short)%00%(objectname)%00%(upstream:track)%00%(upstream:remotename)%00%(upstream:remoteref) refs/heads/master refs/remotes/master [4ms]
2023-11-11 22:04:58.074 [info] > git status -z -uall [24ms]
2023-11-11 22:05:14.112 [info] No remotes found in the git config file.
2023-11-11 22:05:14.113 [info] > git config --get commit.template [7ms]
2023-11-11 22:05:14.115 [info] > git for-each-ref --format=%(refname)%00%(upstream:short)%00%(objectname)%00%(upstream:track)%00%(upstream:remotename)%00%(upstream:remoteref) refs/heads/master refs/remotes/master [3ms]
2023-11-11 22:05:14.151 [info] > git status -z -uall [30ms]
2023-11-11 22:05:19.235 [info] No remotes found in the git config file.
2023-11-11 22:05:19.236 [info] > git config --get commit.template [9ms]
2023-11-11 22:05:19.238 [info] > git for-each-ref --format=%(refname)%00%(upstream:short)%00%(objectname)%00%(upstream:track)%00%(upstream:remotename)%00%(upstream:remoteref) refs/heads/master refs/remotes/master [3ms]
2023-11-11 22:05:19.268 [info] > git status -z -uall [25ms]
2023-11-11 22:05:24.341 [info] No remotes found in the git config file.
2023-11-11 22:05:24.342 [info] > git config --get commit.template [9ms]
2023-11-11 22:05:24.344 [info] > git for-each-ref --format=%(refname)%00%(upstream:short)%00%(objectname)%00%(upstream:track)%00%(upstream:remotename)%00%(upstream:remoteref) refs/heads/master refs/remotes/master [3ms]
2023-11-11 22:05:24.375 [info] > git status -z -uall [26ms]
2023-11-11 22:05:29.440 [info] No remotes found in the git config file.
2023-11-11 22:05:29.441 [info] > git config --get commit.template [9ms]
2023-11-11 22:05:29.443 [info] > git for-each-ref --format=%(refname)%00%(upstream:short)%00%(objectname)%00%(upstream:track)%00%(upstream:remotename)%00%(upstream:remoteref) refs/heads/master refs/remotes/master [4ms]
2023-11-11 22:05:29.473 [info] > git status -z -uall [25ms]
2023-11-11 22:05:34.529 [info] No remotes found in the git config file.
2023-11-11 22:05:34.529 [info] > git config --get commit.template [8ms]
2023-11-11 22:05:34.531 [info] > git for-each-ref --format=%(refname)%00%(upstream:short)%00%(objectname)%00%(upstream:track)%00%(upstream:remotename)%00%(upstream:remoteref) refs/heads/master refs/remotes/master [3ms]
2023-11-11 22:05:34.562 [info] > git status -z -uall [26ms]
2023-11-11 22:05:39.623 [info] No remotes found in the git config file.
2023-11-11 22:05:39.625 [info] > git config --get commit.template [8ms]
2023-11-11 22:05:39.626 [info] > git for-each-ref --format=%(refname)%00%(upstream:short)%00%(objectname)%00%(upstream:track)%00%(upstream:remotename)%00%(upstream:remoteref) refs/heads/master refs/remotes/master [3ms]
2023-11-11 22:05:39.657 [info] > git status -z -uall [25ms]
2023-11-11 22:05:52.838 [info] No remotes found in the git config file.
2023-11-11 22:05:52.839 [info] > git config --get commit.template [8ms]
2023-11-11 22:05:52.841 [info] > git for-each-ref --format=%(refname)%00%(upstream:short)%00%(objectname)%00%(upstream:track)%00%(upstream:remotename)%00%(upstream:remoteref) refs/heads/master refs/remotes/master [3ms]
2023-11-11 22:05:52.877 [info] > git status -z -uall [32ms]
2023-11-11 22:05:57.962 [info] No remotes found in the git config file.
2023-11-11 22:05:57.986 [info] > git config --get commit.template [31ms]
2023-11-11 22:05:57.987 [info] > git for-each-ref --format=%(refname)%00%(upstream:short)%00%(objectname)%00%(upstream:track)%00%(upstream:remotename)%00%(upstream:remoteref) refs/heads/master refs/remotes/master [26ms]
2023-11-11 22:05:58.037 [info] > git status -z -uall [42ms]
2023-11-11 22:06:03.101 [info] No remotes found in the git config file.
2023-11-11 22:06:03.102 [info] > git config --get commit.template [8ms]
2023-11-11 22:06:03.104 [info] > git for-each-ref --format=%(refname)%00%(upstream:short)%00%(objectname)%00%(upstream:track)%00%(upstream:remotename)%00%(upstream:remoteref) refs/heads/master refs/remotes/master [3ms]
2023-11-11 22:06:03.139 [info] > git status -z -uall [29ms]
2023-11-11 22:06:08.210 [info] No remotes found in the git config file.
2023-11-11 22:06:08.211 [info] > git config --get commit.template [9ms]
2023-11-11 22:06:08.213 [info] > git for-each-ref --format=%(refname)%00%(upstream:short)%00%(objectname)%00%(upstream:track)%00%(upstream:remotename)%00%(upstream:remoteref) refs/heads/master refs/remotes/master [3ms]
2023-11-11 22:06:08.245 [info] > git status -z -uall [25ms]
2023-11-11 22:06:13.306 [info] No remotes found in the git config file.
2023-11-11 22:06:13.307 [info] > git config --get commit.template [8ms]
2023-11-11 22:06:13.309 [info] > git for-each-ref --format=%(refname)%00%(upstream:short)%00%(objectname)%00%(upstream:track)%00%(upstream:remotename)%00%(upstream:remoteref) refs/heads/master refs/remotes/master [4ms]
2023-11-11 22:06:13.339 [info] > git status -z -uall [24ms]
2023-11-11 22:06:18.404 [info] No remotes found in the git config file.
2023-11-11 22:06:18.405 [info] > git config --get commit.template [9ms]
2023-11-11 22:06:18.407 [info] > git for-each-ref --format=%(refname)%00%(upstream:short)%00%(objectname)%00%(upstream:track)%00%(upstream:remotename)%00%(upstream:remoteref) refs/heads/master refs/remotes/master [4ms]
2023-11-11 22:06:18.439 [info] > git status -z -uall [25ms]
2023-11-11 22:06:19.584 [info] > git check-ignore -v -z --stdin [4ms]
2023-11-11 22:06:23.500 [info] No remotes found in the git config file.
2023-11-11 22:06:23.501 [info] > git config --get commit.template [8ms]
2023-11-11 22:06:23.503 [info] > git for-each-ref --format=%(refname)%00%(upstream:short)%00%(objectname)%00%(upstream:track)%00%(upstream:remotename)%00%(upstream:remoteref) refs/heads/master refs/remotes/master [4ms]
2023-11-11 22:06:23.539 [info] > git status -z -uall [30ms]
2023-11-11 22:06:28.608 [info] No remotes found in the git config file.
2023-11-11 22:06:28.609 [info] > git config --get commit.template [8ms]
2023-11-11 22:06:28.611 [info] > git for-each-ref --format=%(refname)%00%(upstream:short)%00%(objectname)%00%(upstream:track)%00%(upstream:remotename)%00%(upstream:remoteref) refs/heads/master refs/remotes/master [3ms]
2023-11-11 22:06:28.642 [info] > git status -z -uall [26ms]
2023-11-11 22:06:33.700 [info] No remotes found in the git config file.
2023-11-11 22:06:33.701 [info] > git config --get commit.template [11ms]
2023-11-11 22:06:33.703 [info] > git for-each-ref --format=%(refname)%00%(upstream:short)%00%(objectname)%00%(upstream:track)%00%(upstream:remotename)%00%(upstream:remoteref) refs/heads/master refs/remotes/master [3ms]
2023-11-11 22:06:33.735 [info] > git status -z -uall [26ms]
2023-11-11 22:06:38.203 [info] > git check-ignore -v -z --stdin [3ms]
2023-11-11 22:06:38.795 [info] No remotes found in the git config file.
2023-11-11 22:06:38.795 [info] > git config --get commit.template [10ms]
2023-11-11 22:06:38.798 [info] > git for-each-ref --format=%(refname)%00%(upstream:short)%00%(objectname)%00%(upstream:track)%00%(upstream:remotename)%00%(upstream:remoteref) refs/heads/master refs/remotes/master [4ms]
2023-11-11 22:06:38.829 [info] > git status -z -uall [25ms]
2023-11-11 22:06:42.234 [info] > git check-ignore -v -z --stdin [3ms]
2023-11-11 22:06:43.885 [info] No remotes found in the git config file.
2023-11-11 22:06:43.886 [info] > git config --get commit.template [8ms]
2023-11-11 22:06:43.888 [info] > git for-each-ref --format=%(refname)%00%(upstream:short)%00%(objectname)%00%(upstream:track)%00%(upstream:remotename)%00%(upstream:remoteref) refs/heads/master refs/remotes/master [3ms]
2023-11-11 22:06:43.925 [info] > git status -z -uall [32ms]
2023-11-11 22:06:46.214 [info] > git check-ignore -v -z --stdin [3ms]
2023-11-11 22:06:47.334 [info] > git check-ignore -v -z --stdin [2ms]
2023-11-11 22:06:48.860 [info] > git check-ignore -v -z --stdin [3ms]
2023-11-11 22:06:48.995 [info] No remotes found in the git config file.
2023-11-11 22:06:48.996 [info] > git config --get commit.template [9ms]
2023-11-11 22:06:48.998 [info] > git for-each-ref --format=%(refname)%00%(upstream:short)%00%(objectname)%00%(upstream:track)%00%(upstream:remotename)%00%(upstream:remoteref) refs/heads/master refs/remotes/master [3ms]
2023-11-11 22:06:49.032 [info] > git status -z -uall [26ms]
2023-11-11 22:06:51.731 [info] > git check-ignore -v -z --stdin [3ms]
2023-11-11 22:06:53.957 [info] > git check-ignore -v -z --stdin [3ms]
2023-11-11 22:06:54.089 [info] No remotes found in the git config file.
2023-11-11 22:06:54.090 [info] > git config --get commit.template [9ms]
2023-11-11 22:06:54.092 [info] > git for-each-ref --format=%(refname)%00%(upstream:short)%00%(objectname)%00%(upstream:track)%00%(upstream:remotename)%00%(upstream:remoteref) refs/heads/master refs/remotes/master [3ms]
2023-11-11 22:06:54.124 [info] > git status -z -uall [26ms]
2023-11-11 22:06:59.188 [info] No remotes found in the git config file.
2023-11-11 22:06:59.189 [info] > git config --get commit.template [9ms]
2023-11-11 22:06:59.191 [info] > git for-each-ref --format=%(refname)%00%(upstream:short)%00%(objectname)%00%(upstream:track)%00%(upstream:remotename)%00%(upstream:remoteref) refs/heads/master refs/remotes/master [3ms]
2023-11-11 22:06:59.224 [info] > git status -z -uall [26ms]
2023-11-11 22:07:04.280 [info] No remotes found in the git config file.
2023-11-11 22:07:04.281 [info] > git config --get commit.template [9ms]
2023-11-11 22:07:04.283 [info] > git for-each-ref --format=%(refname)%00%(upstream:short)%00%(objectname)%00%(upstream:track)%00%(upstream:remotename)%00%(upstream:remoteref) refs/heads/master refs/remotes/master [3ms]
2023-11-11 22:07:04.315 [info] > git status -z -uall [26ms]
2023-11-11 22:07:09.381 [info] No remotes found in the git config file.
2023-11-11 22:07:09.382 [info] > git config --get commit.template [10ms]
2023-11-11 22:07:09.384 [info] > git for-each-ref --format=%(refname)%00%(upstream:short)%00%(objectname)%00%(upstream:track)%00%(upstream:remotename)%00%(upstream:remoteref) refs/heads/master refs/remotes/master [4ms]
2023-11-11 22:07:09.417 [info] > git status -z -uall [26ms]
2023-11-11 22:07:14.476 [info] No remotes found in the git config file.
2023-11-11 22:07:14.477 [info] > git config --get commit.template [9ms]
2023-11-11 22:07:14.479 [info] > git for-each-ref --format=%(refname)%00%(upstream:short)%00%(objectname)%00%(upstream:track)%00%(upstream:remotename)%00%(upstream:remoteref) refs/heads/master refs/remotes/master [3ms]
2023-11-11 22:07:14.510 [info] > git status -z -uall [25ms]
2023-11-11 22:07:19.570 [info] No remotes found in the git config file.
2023-11-11 22:07:19.571 [info] > git config --get commit.template [9ms]
2023-11-11 22:07:19.573 [info] > git for-each-ref --format=%(refname)%00%(upstream:short)%00%(objectname)%00%(upstream:track)%00%(upstream:remotename)%00%(upstream:remoteref) refs/heads/master refs/remotes/master [3ms]
2023-11-11 22:07:19.603 [info] > git status -z -uall [25ms]
2023-11-11 22:07:24.662 [info] No remotes found in the git config file.
2023-11-11 22:07:24.663 [info] > git config --get commit.template [8ms]
2023-11-11 22:07:24.665 [info] > git for-each-ref --format=%(refname)%00%(upstream:short)%00%(objectname)%00%(upstream:track)%00%(upstream:remotename)%00%(upstream:remoteref) refs/heads/master refs/remotes/master [3ms]
2023-11-11 22:07:24.696 [info] > git status -z -uall [25ms]
2023-11-11 22:07:29.759 [info] No remotes found in the git config file.
2023-11-11 22:07:29.760 [info] > git config --get commit.template [8ms]
2023-11-11 22:07:29.762 [info] > git for-each-ref --format=%(refname)%00%(upstream:short)%00%(objectname)%00%(upstream:track)%00%(upstream:remotename)%00%(upstream:remoteref) refs/heads/master refs/remotes/master [3ms]
2023-11-11 22:07:29.793 [info] > git status -z -uall [25ms]
2023-11-11 22:07:34.856 [info] No remotes found in the git config file.
2023-11-11 22:07:34.857 [info] > git config --get commit.template [10ms]
2023-11-11 22:07:34.859 [info] > git for-each-ref --format=%(refname)%00%(upstream:short)%00%(objectname)%00%(upstream:track)%00%(upstream:remotename)%00%(upstream:remoteref) refs/heads/master refs/remotes/master [4ms]
2023-11-11 22:07:34.891 [info] > git status -z -uall [26ms]
2023-11-11 22:07:39.954 [info] No remotes found in the git config file.
2023-11-11 22:07:39.955 [info] > git config --get commit.template [8ms]
2023-11-11 22:07:39.957 [info] > git for-each-ref --format=%(refname)%00%(upstream:short)%00%(objectname)%00%(upstream:track)%00%(upstream:remotename)%00%(upstream:remoteref) refs/heads/master refs/remotes/master [3ms]
2023-11-11 22:07:39.990 [info] > git status -z -uall [27ms]
2023-11-11 22:07:45.049 [info] No remotes found in the git config file.
2023-11-11 22:07:45.050 [info] > git config --get commit.template [8ms]
2023-11-11 22:07:45.052 [info] > git for-each-ref --format=%(refname)%00%(upstream:short)%00%(objectname)%00%(upstream:track)%00%(upstream:remotename)%00%(upstream:remoteref) refs/heads/master refs/remotes/master [4ms]
2023-11-11 22:07:45.084 [info] > git status -z -uall [25ms]
2023-11-11 22:07:50.144 [info] No remotes found in the git config file.
2023-11-11 22:07:50.148 [info] > git config --get commit.template [11ms]
2023-11-11 22:07:50.150 [info] > git for-each-ref --format=%(refname)%00%(upstream:short)%00%(objectname)%00%(upstream:track)%00%(upstream:remotename)%00%(upstream:remoteref) refs/heads/master refs/remotes/master [6ms]
2023-11-11 22:07:50.180 [info] > git status -z -uall [25ms]
2023-11-11 22:07:55.242 [info] No remotes found in the git config file.
2023-11-11 22:07:55.243 [info] > git config --get commit.template [7ms]
2023-11-11 22:07:55.245 [info] > git for-each-ref --format=%(refname)%00%(upstream:short)%00%(objectname)%00%(upstream:track)%00%(upstream:remotename)%00%(upstream:remoteref) refs/heads/master refs/remotes/master [3ms]
2023-11-11 22:07:55.276 [info] > git status -z -uall [26ms]
2023-11-11 22:08:00.336 [info] No remotes found in the git config file.
2023-11-11 22:08:00.337 [info] > git config --get commit.template [9ms]
2023-11-11 22:08:00.339 [info] > git for-each-ref --format=%(refname)%00%(upstream:short)%00%(objectname)%00%(upstream:track)%00%(upstream:remotename)%00%(upstream:remoteref) refs/heads/master refs/remotes/master [4ms]
2023-11-11 22:08:00.371 [info] > git status -z -uall [26ms]
2023-11-11 22:08:05.426 [info] No remotes found in the git config file.
2023-11-11 22:08:05.427 [info] > git config --get commit.template [10ms]
2023-11-11 22:08:05.429 [info] > git for-each-ref --format=%(refname)%00%(upstream:short)%00%(objectname)%00%(upstream:track)%00%(upstream:remotename)%00%(upstream:remoteref) refs/heads/master refs/remotes/master [3ms]
2023-11-11 22:08:05.462 [info] > git status -z -uall [25ms]
2023-11-11 22:08:10.531 [info] No remotes found in the git config file.
2023-11-11 22:08:10.532 [info] > git config --get commit.template [8ms]
2023-11-11 22:08:10.534 [info] > git for-each-ref --format=%(refname)%00%(upstream:short)%00%(objectname)%00%(upstream:track)%00%(upstream:remotename)%00%(upstream:remoteref) refs/heads/master refs/remotes/master [3ms]
2023-11-11 22:08:10.564 [info] > git status -z -uall [25ms]
2023-11-11 22:08:15.621 [info] No remotes found in the git config file.
2023-11-11 22:08:15.622 [info] > git config --get commit.template [10ms]
2023-11-11 22:08:15.624 [info] > git for-each-ref --format=%(refname)%00%(upstream:short)%00%(objectname)%00%(upstream:track)%00%(upstream:remotename)%00%(upstream:remoteref) refs/heads/master refs/remotes/master [3ms]
2023-11-11 22:08:15.657 [info] > git status -z -uall [25ms]
2023-11-11 22:08:20.718 [info] No remotes found in the git config file.
2023-11-11 22:08:20.719 [info] > git config --get commit.template [11ms]
2023-11-11 22:08:20.721 [info] > git for-each-ref --format=%(refname)%00%(upstream:short)%00%(objectname)%00%(upstream:track)%00%(upstream:remotename)%00%(upstream:remoteref) refs/heads/master refs/remotes/master [3ms]
2023-11-11 22:08:20.756 [info] > git status -z -uall [26ms]
2023-11-11 22:08:25.818 [info] No remotes found in the git config file.
2023-11-11 22:08:25.818 [info] > git config --get commit.template [8ms]
2023-11-11 22:08:25.821 [info] > git for-each-ref --format=%(refname)%00%(upstream:short)%00%(objectname)%00%(upstream:track)%00%(upstream:remotename)%00%(upstream:remoteref) refs/heads/master refs/remotes/master [3ms]
2023-11-11 22:08:25.852 [info] > git status -z -uall [26ms]
2023-11-11 22:08:30.909 [info] No remotes found in the git config file.
2023-11-11 22:08:30.910 [info] > git config --get commit.template [8ms]
2023-11-11 22:08:30.912 [info] > git for-each-ref --format=%(refname)%00%(upstream:short)%00%(objectname)%00%(upstream:track)%00%(upstream:remotename)%00%(upstream:remoteref) refs/heads/master refs/remotes/master [3ms]
2023-11-11 22:08:30.945 [info] > git status -z -uall [26ms]
2023-11-11 22:08:36.001 [info] No remotes found in the git config file.
2023-11-11 22:08:36.002 [info] > git config --get commit.template [8ms]
2023-11-11 22:08:36.004 [info] > git for-each-ref --format=%(refname)%00%(upstream:short)%00%(objectname)%00%(upstream:track)%00%(upstream:remotename)%00%(upstream:remoteref) refs/heads/master refs/remotes/master [4ms]
2023-11-11 22:08:36.039 [info] > git status -z -uall [26ms]
2023-11-11 22:08:41.102 [info] No remotes found in the git config file.
2023-11-11 22:08:41.103 [info] > git config --get commit.template [9ms]
2023-11-11 22:08:41.105 [info] > git for-each-ref --format=%(refname)%00%(upstream:short)%00%(objectname)%00%(upstream:track)%00%(upstream:remotename)%00%(upstream:remoteref) refs/heads/master refs/remotes/master [3ms]
2023-11-11 22:08:41.138 [info] > git status -z -uall [27ms]
2023-11-11 22:08:46.226 [info] No remotes found in the git config file.
2023-11-11 22:08:46.227 [info] > git config --get commit.template [8ms]
2023-11-11 22:08:46.229 [info] > git for-each-ref --format=%(refname)%00%(upstream:short)%00%(objectname)%00%(upstream:track)%00%(upstream:remotename)%00%(upstream:remoteref) refs/heads/master refs/remotes/master [3ms]
2023-11-11 22:08:46.261 [info] > git status -z -uall [26ms]
2023-11-11 22:08:51.321 [info] No remotes found in the git config file.
2023-11-11 22:08:51.322 [info] > git config --get commit.template [8ms]
2023-11-11 22:08:51.325 [info] > git for-each-ref --format=%(refname)%00%(upstream:short)%00%(objectname)%00%(upstream:track)%00%(upstream:remotename)%00%(upstream:remoteref) refs/heads/master refs/remotes/master [4ms]
2023-11-11 22:08:51.357 [info] > git status -z -uall [26ms]
2023-11-11 22:08:56.414 [info] No remotes found in the git config file.
2023-11-11 22:08:56.415 [info] > git config --get commit.template [8ms]
2023-11-11 22:08:56.417 [info] > git for-each-ref --format=%(refname)%00%(upstream:short)%00%(objectname)%00%(upstream:track)%00%(upstream:remotename)%00%(upstream:remoteref) refs/heads/master refs/remotes/master [4ms]
2023-11-11 22:08:56.449 [info] > git status -z -uall [26ms]
2023-11-11 22:09:01.509 [info] No remotes found in the git config file.
2023-11-11 22:09:01.510 [info] > git config --get commit.template [10ms]
2023-11-11 22:09:01.512 [info] > git for-each-ref --format=%(refname)%00%(upstream:short)%00%(objectname)%00%(upstream:track)%00%(upstream:remotename)%00%(upstream:remoteref) refs/heads/master refs/remotes/master [3ms]
2023-11-11 22:09:01.545 [info] > git status -z -uall [26ms]
2023-11-11 22:09:06.601 [info] No remotes found in the git config file.
2023-11-11 22:09:06.602 [info] > git config --get commit.template [9ms]
2023-11-11 22:09:06.604 [info] > git for-each-ref --format=%(refname)%00%(upstream:short)%00%(objectname)%00%(upstream:track)%00%(upstream:remotename)%00%(upstream:remoteref) refs/heads/master refs/remotes/master [3ms]
2023-11-11 22:09:06.636 [info] > git status -z -uall [26ms]
2023-11-11 22:09:11.701 [info] No remotes found in the git config file.
2023-11-11 22:09:11.702 [info] > git config --get commit.template [9ms]
2023-11-11 22:09:11.704 [info] > git for-each-ref --format=%(refname)%00%(upstream:short)%00%(objectname)%00%(upstream:track)%00%(upstream:remotename)%00%(upstream:remoteref) refs/heads/master refs/remotes/master [3ms]
2023-11-11 22:09:11.735 [info] > git status -z -uall [25ms]
2023-11-11 22:09:16.790 [info] No remotes found in the git config file.
2023-11-11 22:09:16.791 [info] > git config --get commit.template [9ms]
2023-11-11 22:09:16.793 [info] > git for-each-ref --format=%(refname)%00%(upstream:short)%00%(objectname)%00%(upstream:track)%00%(upstream:remotename)%00%(upstream:remoteref) refs/heads/master refs/remotes/master [3ms]
2023-11-11 22:09:16.826 [info] > git status -z -uall [26ms]
2023-11-11 22:09:45.782 [info] No remotes found in the git config file.
2023-11-11 22:09:45.783 [info] > git config --get commit.template [9ms]
2023-11-11 22:09:45.785 [info] > git for-each-ref --format=%(refname)%00%(upstream:short)%00%(objectname)%00%(upstream:track)%00%(upstream:remotename)%00%(upstream:remoteref) refs/heads/master refs/remotes/master [3ms]
2023-11-11 22:09:45.821 [info] > git status -z -uall [30ms]
2023-11-11 22:09:50.895 [info] No remotes found in the git config file.
2023-11-11 22:09:50.897 [info] > git config --get commit.template [8ms]
2023-11-11 22:09:50.898 [info] > git for-each-ref --format=%(refname)%00%(upstream:short)%00%(objectname)%00%(upstream:track)%00%(upstream:remotename)%00%(upstream:remoteref) refs/heads/master refs/remotes/master [3ms]
2023-11-11 22:09:50.930 [info] > git status -z -uall [25ms]
2023-11-11 22:09:56.007 [info] No remotes found in the git config file.
2023-11-11 22:09:56.008 [info] > git config --get commit.template [10ms]
2023-11-11 22:09:56.010 [info] > git for-each-ref --format=%(refname)%00%(upstream:short)%00%(objectname)%00%(upstream:track)%00%(upstream:remotename)%00%(upstream:remoteref) refs/heads/master refs/remotes/master [4ms]
2023-11-11 22:09:56.043 [info] > git status -z -uall [26ms]
2023-11-11 22:10:01.095 [info] No remotes found in the git config file.
2023-11-11 22:10:01.096 [info] > git config --get commit.template [8ms]
2023-11-11 22:10:01.098 [info] > git for-each-ref --format=%(refname)%00%(upstream:short)%00%(objectname)%00%(upstream:track)%00%(upstream:remotename)%00%(upstream:remoteref) refs/heads/master refs/remotes/master [3ms]
2023-11-11 22:10:01.131 [info] > git status -z -uall [27ms]
2023-11-11 22:17:07.810 [info] > git config --get commit.template [9ms]
2023-11-11 22:17:07.814 [info] > git for-each-ref --format=%(refname)%00%(upstream:short)%00%(objectname)%00%(upstream:track)%00%(upstream:remotename)%00%(upstream:remoteref) refs/heads/master refs/remotes/master [7ms]
2023-11-11 22:17:07.856 [info] > git status -z -uall [34ms]
2023-11-11 22:17:12.969 [info] > git config --get commit.template [14ms]
2023-11-11 22:17:12.973 [info] > git for-each-ref --format=%(refname)%00%(upstream:short)%00%(objectname)%00%(upstream:track)%00%(upstream:remotename)%00%(upstream:remoteref) refs/heads/master refs/remotes/master [5ms]
2023-11-11 22:17:13.020 [info] > git status -z -uall [39ms]
2023-11-11 22:17:18.099 [info] > git config --get commit.template [11ms]
2023-11-11 22:17:18.102 [info] > git for-each-ref --format=%(refname)%00%(upstream:short)%00%(objectname)%00%(upstream:track)%00%(upstream:remotename)%00%(upstream:remoteref) refs/heads/master refs/remotes/master [4ms]
2023-11-11 22:17:18.136 [info] > git status -z -uall [26ms]
2023-11-11 22:18:48.093 [info] > git config --get commit.template [8ms]
2023-11-11 22:18:48.095 [info] > git for-each-ref --format=%(refname)%00%(upstream:short)%00%(objectname)%00%(upstream:track)%00%(upstream:remotename)%00%(upstream:remoteref) refs/heads/master refs/remotes/master [3ms]
2023-11-11 22:18:48.137 [info] > git status -z -uall [35ms]
2023-11-11 22:18:53.212 [info] > git config --get commit.template [8ms]
2023-11-11 22:18:53.215 [info] > git for-each-ref --format=%(refname)%00%(upstream:short)%00%(objectname)%00%(upstream:track)%00%(upstream:remotename)%00%(upstream:remoteref) refs/heads/master refs/remotes/master [5ms]
2023-11-11 22:18:53.248 [info] > git status -z -uall [25ms]
2023-11-11 22:18:58.325 [info] > git config --get commit.template [9ms]
2023-11-11 22:18:58.328 [info] > git for-each-ref --format=%(refname)%00%(upstream:short)%00%(objectname)%00%(upstream:track)%00%(upstream:remotename)%00%(upstream:remoteref) refs/heads/master refs/remotes/master [3ms]
2023-11-11 22:18:58.360 [info] > git status -z -uall [27ms]
2023-11-11 22:19:03.420 [info] > git config --get commit.template [8ms]
2023-11-11 22:19:03.423 [info] > git for-each-ref --format=%(refname)%00%(upstream:short)%00%(objectname)%00%(upstream:track)%00%(upstream:remotename)%00%(upstream:remoteref) refs/heads/master refs/remotes/master [4ms]
2023-11-11 22:19:03.457 [info] > git status -z -uall [27ms]
2023-11-11 22:19:08.518 [info] > git config --get commit.template [9ms]
2023-11-11 22:19:08.521 [info] > git for-each-ref --format=%(refname)%00%(upstream:short)%00%(objectname)%00%(upstream:track)%00%(upstream:remotename)%00%(upstream:remoteref) refs/heads/master refs/remotes/master [3ms]
2023-11-11 22:19:08.554 [info] > git status -z -uall [27ms]
2023-11-11 22:19:13.617 [info] > git config --get commit.template [8ms]
2023-11-11 22:19:13.619 [info] > git for-each-ref --format=%(refname)%00%(upstream:short)%00%(objectname)%00%(upstream:track)%00%(upstream:remotename)%00%(upstream:remoteref) refs/heads/master refs/remotes/master [3ms]
2023-11-11 22:19:13.652 [info] > git status -z -uall [27ms]
2023-11-11 22:19:18.712 [info] > git config --get commit.template [8ms]
2023-11-11 22:19:18.714 [info] > git for-each-ref --format=%(refname)%00%(upstream:short)%00%(objectname)%00%(upstream:track)%00%(upstream:remotename)%00%(upstream:remoteref) refs/heads/master refs/remotes/master [4ms]
2023-11-11 22:19:18.746 [info] > git status -z -uall [26ms]
2023-11-11 22:19:23.808 [info] > git config --get commit.template [7ms]
2023-11-11 22:19:23.810 [info] > git for-each-ref --format=%(refname)%00%(upstream:short)%00%(objectname)%00%(upstream:track)%00%(upstream:remotename)%00%(upstream:remoteref) refs/heads/master refs/remotes/master [4ms]
2023-11-11 22:19:23.843 [info] > git status -z -uall [27ms]
2023-11-11 22:19:28.901 [info] > git config --get commit.template [7ms]
2023-11-11 22:19:28.903 [info] > git for-each-ref --format=%(refname)%00%(upstream:short)%00%(objectname)%00%(upstream:track)%00%(upstream:remotename)%00%(upstream:remoteref) refs/heads/master refs/remotes/master [3ms]
2023-11-11 22:19:28.938 [info] > git status -z -uall [30ms]
