*
* Visual Studio Code Server
*
* By using the software, you agree to
* the Visual Studio Code Server License Terms (https://aka.ms/vscode-server-license) and
* the Microsoft Privacy Statement (https://privacy.microsoft.com/en-US/privacystatement).
*
Server bound to 127.0.0.1:42781 (IPv4)
Extension host agent listening on 42781

[22:23:42] 




[22:23:42] Extension host agent started.
[22:23:43] [127.0.0.1][c03ce790][ManagementConnection] New connection established.
[22:23:43] [127.0.0.1][0d7c7e46][ExtensionHostConnection] New connection established.
[22:23:44] [127.0.0.1][0d7c7e46][ExtensionHostConnection] <1228> Launched Extension Host Process.
rejected promise not handled within 1 second: CodeExpectedError: Could not find pty on pty host
stack trace: CodeExpectedError: Could not find pty on pty host
    at L.U (/home/ubuntu/.vscode-server/bin/d037ac076cee195194f93ce6fe2bdfe2969cc82d/out/vs/platform/terminal/node/ptyHostMain.js:43:32314)
    at L.updateTitle (/home/ubuntu/.vscode-server/bin/d037ac076cee195194f93ce6fe2bdfe2969cc82d/out/vs/platform/terminal/node/ptyHostMain.js:43:27475)
    at W.<computed> (/home/ubuntu/.vscode-server/bin/d037ac076cee195194f93ce6fe2bdfe2969cc82d/out/vs/platform/terminal/node/ptyHostMain.js:43:22722)
    at Object.call (/home/ubuntu/.vscode-server/bin/d037ac076cee195194f93ce6fe2bdfe2969cc82d/out/vs/platform/terminal/node/ptyHostMain.js:34:5005)
    at c.s (/home/ubuntu/.vscode-server/bin/d037ac076cee195194f93ce6fe2bdfe2969cc82d/out/vs/platform/terminal/node/ptyHostMain.js:32:5118)
    at c.q (/home/ubuntu/.vscode-server/bin/d037ac076cee195194f93ce6fe2bdfe2969cc82d/out/vs/platform/terminal/node/ptyHostMain.js:32:4641)
    at g.value (/home/ubuntu/.vscode-server/bin/d037ac076cee195194f93ce6fe2bdfe2969cc82d/out/vs/platform/terminal/node/ptyHostMain.js:32:4052)
    at r.y (/home/ubuntu/.vscode-server/bin/d037ac076cee195194f93ce6fe2bdfe2969cc82d/out/vs/platform/terminal/node/ptyHostMain.js:27:1902)
    at r.fire (/home/ubuntu/.vscode-server/bin/d037ac076cee195194f93ce6fe2bdfe2969cc82d/out/vs/platform/terminal/node/ptyHostMain.js:27:2119)
    at process.le (/home/ubuntu/.vscode-server/bin/d037ac076cee195194f93ce6fe2bdfe2969cc82d/out/vs/platform/terminal/node/ptyHostMain.js:25:9948)
    at process.emit (node:events:513:28)
    at emit (node:internal/child_process:937:14)
    at process.processTicksAndRejections (node:internal/process/task_queues:83:21)
[22:23:46] Error [CodeExpectedError]: Could not find pty on pty host
    at L.U (/home/ubuntu/.vscode-server/bin/d037ac076cee195194f93ce6fe2bdfe2969cc82d/out/vs/platform/terminal/node/ptyHostMain.js:43:32314)
    at L.updateTitle (/home/ubuntu/.vscode-server/bin/d037ac076cee195194f93ce6fe2bdfe2969cc82d/out/vs/platform/terminal/node/ptyHostMain.js:43:27475)
    at W.<computed> (/home/ubuntu/.vscode-server/bin/d037ac076cee195194f93ce6fe2bdfe2969cc82d/out/vs/platform/terminal/node/ptyHostMain.js:43:22722)
    at Object.call (/home/ubuntu/.vscode-server/bin/d037ac076cee195194f93ce6fe2bdfe2969cc82d/out/vs/platform/terminal/node/ptyHostMain.js:34:5005)
    at c.s (/home/ubuntu/.vscode-server/bin/d037ac076cee195194f93ce6fe2bdfe2969cc82d/out/vs/platform/terminal/node/ptyHostMain.js:32:5118)
    at c.q (/home/ubuntu/.vscode-server/bin/d037ac076cee195194f93ce6fe2bdfe2969cc82d/out/vs/platform/terminal/node/ptyHostMain.js:32:4641)
    at g.value (/home/ubuntu/.vscode-server/bin/d037ac076cee195194f93ce6fe2bdfe2969cc82d/out/vs/platform/terminal/node/ptyHostMain.js:32:4052)
    at r.y (/home/ubuntu/.vscode-server/bin/d037ac076cee195194f93ce6fe2bdfe2969cc82d/out/vs/platform/terminal/node/ptyHostMain.js:27:1902)
    at r.fire (/home/ubuntu/.vscode-server/bin/d037ac076cee195194f93ce6fe2bdfe2969cc82d/out/vs/platform/terminal/node/ptyHostMain.js:27:2119)
    at process.le (/home/ubuntu/.vscode-server/bin/d037ac076cee195194f93ce6fe2bdfe2969cc82d/out/vs/platform/terminal/node/ptyHostMain.js:25:9948)
    at process.emit (node:events:513:28)
    at emit (node:internal/child_process:937:14)
    at process.processTicksAndRejections (node:internal/process/task_queues:83:21)
rejected promise not handled within 1 second: CodeExpectedError: Could not find pty on pty host
stack trace: CodeExpectedError: Could not find pty on pty host
    at L.U (/home/ubuntu/.vscode-server/bin/d037ac076cee195194f93ce6fe2bdfe2969cc82d/out/vs/platform/terminal/node/ptyHostMain.js:43:32314)
    at L.updateIcon (/home/ubuntu/.vscode-server/bin/d037ac076cee195194f93ce6fe2bdfe2969cc82d/out/vs/platform/terminal/node/ptyHostMain.js:43:27526)
    at W.<computed> (/home/ubuntu/.vscode-server/bin/d037ac076cee195194f93ce6fe2bdfe2969cc82d/out/vs/platform/terminal/node/ptyHostMain.js:43:22722)
    at Object.call (/home/ubuntu/.vscode-server/bin/d037ac076cee195194f93ce6fe2bdfe2969cc82d/out/vs/platform/terminal/node/ptyHostMain.js:34:5005)
    at c.s (/home/ubuntu/.vscode-server/bin/d037ac076cee195194f93ce6fe2bdfe2969cc82d/out/vs/platform/terminal/node/ptyHostMain.js:32:5118)
    at c.q (/home/ubuntu/.vscode-server/bin/d037ac076cee195194f93ce6fe2bdfe2969cc82d/out/vs/platform/terminal/node/ptyHostMain.js:32:4641)
    at g.value (/home/ubuntu/.vscode-server/bin/d037ac076cee195194f93ce6fe2bdfe2969cc82d/out/vs/platform/terminal/node/ptyHostMain.js:32:4052)
    at r.y (/home/ubuntu/.vscode-server/bin/d037ac076cee195194f93ce6fe2bdfe2969cc82d/out/vs/platform/terminal/node/ptyHostMain.js:27:1902)
    at r.fire (/home/ubuntu/.vscode-server/bin/d037ac076cee195194f93ce6fe2bdfe2969cc82d/out/vs/platform/terminal/node/ptyHostMain.js:27:2119)
    at process.le (/home/ubuntu/.vscode-server/bin/d037ac076cee195194f93ce6fe2bdfe2969cc82d/out/vs/platform/terminal/node/ptyHostMain.js:25:9948)
    at process.emit (node:events:513:28)
    at emit (node:internal/child_process:937:14)
    at process.processTicksAndRejections (node:internal/process/task_queues:83:21)
[22:23:50] Error [CodeExpectedError]: Could not find pty on pty host
    at L.U (/home/ubuntu/.vscode-server/bin/d037ac076cee195194f93ce6fe2bdfe2969cc82d/out/vs/platform/terminal/node/ptyHostMain.js:43:32314)
    at L.updateIcon (/home/ubuntu/.vscode-server/bin/d037ac076cee195194f93ce6fe2bdfe2969cc82d/out/vs/platform/terminal/node/ptyHostMain.js:43:27526)
    at W.<computed> (/home/ubuntu/.vscode-server/bin/d037ac076cee195194f93ce6fe2bdfe2969cc82d/out/vs/platform/terminal/node/ptyHostMain.js:43:22722)
    at Object.call (/home/ubuntu/.vscode-server/bin/d037ac076cee195194f93ce6fe2bdfe2969cc82d/out/vs/platform/terminal/node/ptyHostMain.js:34:5005)
    at c.s (/home/ubuntu/.vscode-server/bin/d037ac076cee195194f93ce6fe2bdfe2969cc82d/out/vs/platform/terminal/node/ptyHostMain.js:32:5118)
    at c.q (/home/ubuntu/.vscode-server/bin/d037ac076cee195194f93ce6fe2bdfe2969cc82d/out/vs/platform/terminal/node/ptyHostMain.js:32:4641)
    at g.value (/home/ubuntu/.vscode-server/bin/d037ac076cee195194f93ce6fe2bdfe2969cc82d/out/vs/platform/terminal/node/ptyHostMain.js:32:4052)
    at r.y (/home/ubuntu/.vscode-server/bin/d037ac076cee195194f93ce6fe2bdfe2969cc82d/out/vs/platform/terminal/node/ptyHostMain.js:27:1902)
    at r.fire (/home/ubuntu/.vscode-server/bin/d037ac076cee195194f93ce6fe2bdfe2969cc82d/out/vs/platform/terminal/node/ptyHostMain.js:27:2119)
    at process.le (/home/ubuntu/.vscode-server/bin/d037ac076cee195194f93ce6fe2bdfe2969cc82d/out/vs/platform/terminal/node/ptyHostMain.js:25:9948)
    at process.emit (node:events:513:28)
    at emit (node:internal/child_process:937:14)
    at process.processTicksAndRejections (node:internal/process/task_queues:83:21)
rejected promise not handled within 1 second: CodeExpectedError: Could not find pty on pty host
stack trace: CodeExpectedError: Could not find pty on pty host
    at L.U (/home/ubuntu/.vscode-server/bin/d037ac076cee195194f93ce6fe2bdfe2969cc82d/out/vs/platform/terminal/node/ptyHostMain.js:43:32314)
    at L.updateTitle (/home/ubuntu/.vscode-server/bin/d037ac076cee195194f93ce6fe2bdfe2969cc82d/out/vs/platform/terminal/node/ptyHostMain.js:43:27475)
    at W.<computed> (/home/ubuntu/.vscode-server/bin/d037ac076cee195194f93ce6fe2bdfe2969cc82d/out/vs/platform/terminal/node/ptyHostMain.js:43:22722)
    at Object.call (/home/ubuntu/.vscode-server/bin/d037ac076cee195194f93ce6fe2bdfe2969cc82d/out/vs/platform/terminal/node/ptyHostMain.js:34:5005)
    at c.s (/home/ubuntu/.vscode-server/bin/d037ac076cee195194f93ce6fe2bdfe2969cc82d/out/vs/platform/terminal/node/ptyHostMain.js:32:5118)
    at c.q (/home/ubuntu/.vscode-server/bin/d037ac076cee195194f93ce6fe2bdfe2969cc82d/out/vs/platform/terminal/node/ptyHostMain.js:32:4641)
    at g.value (/home/ubuntu/.vscode-server/bin/d037ac076cee195194f93ce6fe2bdfe2969cc82d/out/vs/platform/terminal/node/ptyHostMain.js:32:4052)
    at r.y (/home/ubuntu/.vscode-server/bin/d037ac076cee195194f93ce6fe2bdfe2969cc82d/out/vs/platform/terminal/node/ptyHostMain.js:27:1902)
    at r.fire (/home/ubuntu/.vscode-server/bin/d037ac076cee195194f93ce6fe2bdfe2969cc82d/out/vs/platform/terminal/node/ptyHostMain.js:27:2119)
    at process.le (/home/ubuntu/.vscode-server/bin/d037ac076cee195194f93ce6fe2bdfe2969cc82d/out/vs/platform/terminal/node/ptyHostMain.js:25:9948)
    at process.emit (node:events:513:28)
    at emit (node:internal/child_process:937:14)
    at process.processTicksAndRejections (node:internal/process/task_queues:83:21)
[22:23:50] Error [CodeExpectedError]: Could not find pty on pty host
    at L.U (/home/ubuntu/.vscode-server/bin/d037ac076cee195194f93ce6fe2bdfe2969cc82d/out/vs/platform/terminal/node/ptyHostMain.js:43:32314)
    at L.updateTitle (/home/ubuntu/.vscode-server/bin/d037ac076cee195194f93ce6fe2bdfe2969cc82d/out/vs/platform/terminal/node/ptyHostMain.js:43:27475)
    at W.<computed> (/home/ubuntu/.vscode-server/bin/d037ac076cee195194f93ce6fe2bdfe2969cc82d/out/vs/platform/terminal/node/ptyHostMain.js:43:22722)
    at Object.call (/home/ubuntu/.vscode-server/bin/d037ac076cee195194f93ce6fe2bdfe2969cc82d/out/vs/platform/terminal/node/ptyHostMain.js:34:5005)
    at c.s (/home/ubuntu/.vscode-server/bin/d037ac076cee195194f93ce6fe2bdfe2969cc82d/out/vs/platform/terminal/node/ptyHostMain.js:32:5118)
    at c.q (/home/ubuntu/.vscode-server/bin/d037ac076cee195194f93ce6fe2bdfe2969cc82d/out/vs/platform/terminal/node/ptyHostMain.js:32:4641)
    at g.value (/home/ubuntu/.vscode-server/bin/d037ac076cee195194f93ce6fe2bdfe2969cc82d/out/vs/platform/terminal/node/ptyHostMain.js:32:4052)
    at r.y (/home/ubuntu/.vscode-server/bin/d037ac076cee195194f93ce6fe2bdfe2969cc82d/out/vs/platform/terminal/node/ptyHostMain.js:27:1902)
    at r.fire (/home/ubuntu/.vscode-server/bin/d037ac076cee195194f93ce6fe2bdfe2969cc82d/out/vs/platform/terminal/node/ptyHostMain.js:27:2119)
    at process.le (/home/ubuntu/.vscode-server/bin/d037ac076cee195194f93ce6fe2bdfe2969cc82d/out/vs/platform/terminal/node/ptyHostMain.js:25:9948)
    at process.emit (node:events:513:28)
    at emit (node:internal/child_process:937:14)
    at process.processTicksAndRejections (node:internal/process/task_queues:83:21)
rejected promise not handled within 1 second: CodeExpectedError: Could not find pty on pty host
stack trace: CodeExpectedError: Could not find pty on pty host
    at L.U (/home/ubuntu/.vscode-server/bin/d037ac076cee195194f93ce6fe2bdfe2969cc82d/out/vs/platform/terminal/node/ptyHostMain.js:43:32314)
    at L.updateTitle (/home/ubuntu/.vscode-server/bin/d037ac076cee195194f93ce6fe2bdfe2969cc82d/out/vs/platform/terminal/node/ptyHostMain.js:43:27475)
    at W.<computed> (/home/ubuntu/.vscode-server/bin/d037ac076cee195194f93ce6fe2bdfe2969cc82d/out/vs/platform/terminal/node/ptyHostMain.js:43:22722)
    at Object.call (/home/ubuntu/.vscode-server/bin/d037ac076cee195194f93ce6fe2bdfe2969cc82d/out/vs/platform/terminal/node/ptyHostMain.js:34:5005)
    at c.s (/home/ubuntu/.vscode-server/bin/d037ac076cee195194f93ce6fe2bdfe2969cc82d/out/vs/platform/terminal/node/ptyHostMain.js:32:5118)
    at c.q (/home/ubuntu/.vscode-server/bin/d037ac076cee195194f93ce6fe2bdfe2969cc82d/out/vs/platform/terminal/node/ptyHostMain.js:32:4641)
    at g.value (/home/ubuntu/.vscode-server/bin/d037ac076cee195194f93ce6fe2bdfe2969cc82d/out/vs/platform/terminal/node/ptyHostMain.js:32:4052)
    at r.y (/home/ubuntu/.vscode-server/bin/d037ac076cee195194f93ce6fe2bdfe2969cc82d/out/vs/platform/terminal/node/ptyHostMain.js:27:1902)
    at r.fire (/home/ubuntu/.vscode-server/bin/d037ac076cee195194f93ce6fe2bdfe2969cc82d/out/vs/platform/terminal/node/ptyHostMain.js:27:2119)
    at process.le (/home/ubuntu/.vscode-server/bin/d037ac076cee195194f93ce6fe2bdfe2969cc82d/out/vs/platform/terminal/node/ptyHostMain.js:25:9948)
    at process.emit (node:events:513:28)
    at emit (node:internal/child_process:937:14)
    at process.processTicksAndRejections (node:internal/process/task_queues:83:21)
[22:23:51] Error [CodeExpectedError]: Could not find pty on pty host
    at L.U (/home/ubuntu/.vscode-server/bin/d037ac076cee195194f93ce6fe2bdfe2969cc82d/out/vs/platform/terminal/node/ptyHostMain.js:43:32314)
    at L.updateTitle (/home/ubuntu/.vscode-server/bin/d037ac076cee195194f93ce6fe2bdfe2969cc82d/out/vs/platform/terminal/node/ptyHostMain.js:43:27475)
    at W.<computed> (/home/ubuntu/.vscode-server/bin/d037ac076cee195194f93ce6fe2bdfe2969cc82d/out/vs/platform/terminal/node/ptyHostMain.js:43:22722)
    at Object.call (/home/ubuntu/.vscode-server/bin/d037ac076cee195194f93ce6fe2bdfe2969cc82d/out/vs/platform/terminal/node/ptyHostMain.js:34:5005)
    at c.s (/home/ubuntu/.vscode-server/bin/d037ac076cee195194f93ce6fe2bdfe2969cc82d/out/vs/platform/terminal/node/ptyHostMain.js:32:5118)
    at c.q (/home/ubuntu/.vscode-server/bin/d037ac076cee195194f93ce6fe2bdfe2969cc82d/out/vs/platform/terminal/node/ptyHostMain.js:32:4641)
    at g.value (/home/ubuntu/.vscode-server/bin/d037ac076cee195194f93ce6fe2bdfe2969cc82d/out/vs/platform/terminal/node/ptyHostMain.js:32:4052)
    at r.y (/home/ubuntu/.vscode-server/bin/d037ac076cee195194f93ce6fe2bdfe2969cc82d/out/vs/platform/terminal/node/ptyHostMain.js:27:1902)
    at r.fire (/home/ubuntu/.vscode-server/bin/d037ac076cee195194f93ce6fe2bdfe2969cc82d/out/vs/platform/terminal/node/ptyHostMain.js:27:2119)
    at process.le (/home/ubuntu/.vscode-server/bin/d037ac076cee195194f93ce6fe2bdfe2969cc82d/out/vs/platform/terminal/node/ptyHostMain.js:25:9948)
    at process.emit (node:events:513:28)
    at emit (node:internal/child_process:937:14)
    at process.processTicksAndRejections (node:internal/process/task_queues:83:21)
rejected promise not handled within 1 second: CodeExpectedError: Could not find pty on pty host
stack trace: CodeExpectedError: Could not find pty on pty host
    at L.U (/home/ubuntu/.vscode-server/bin/d037ac076cee195194f93ce6fe2bdfe2969cc82d/out/vs/platform/terminal/node/ptyHostMain.js:43:32314)
    at L.updateTitle (/home/ubuntu/.vscode-server/bin/d037ac076cee195194f93ce6fe2bdfe2969cc82d/out/vs/platform/terminal/node/ptyHostMain.js:43:27475)
    at W.<computed> (/home/ubuntu/.vscode-server/bin/d037ac076cee195194f93ce6fe2bdfe2969cc82d/out/vs/platform/terminal/node/ptyHostMain.js:43:22722)
    at Object.call (/home/ubuntu/.vscode-server/bin/d037ac076cee195194f93ce6fe2bdfe2969cc82d/out/vs/platform/terminal/node/ptyHostMain.js:34:5005)
    at c.s (/home/ubuntu/.vscode-server/bin/d037ac076cee195194f93ce6fe2bdfe2969cc82d/out/vs/platform/terminal/node/ptyHostMain.js:32:5118)
    at c.q (/home/ubuntu/.vscode-server/bin/d037ac076cee195194f93ce6fe2bdfe2969cc82d/out/vs/platform/terminal/node/ptyHostMain.js:32:4641)
    at g.value (/home/ubuntu/.vscode-server/bin/d037ac076cee195194f93ce6fe2bdfe2969cc82d/out/vs/platform/terminal/node/ptyHostMain.js:32:4052)
    at r.y (/home/ubuntu/.vscode-server/bin/d037ac076cee195194f93ce6fe2bdfe2969cc82d/out/vs/platform/terminal/node/ptyHostMain.js:27:1902)
    at r.fire (/home/ubuntu/.vscode-server/bin/d037ac076cee195194f93ce6fe2bdfe2969cc82d/out/vs/platform/terminal/node/ptyHostMain.js:27:2119)
    at process.le (/home/ubuntu/.vscode-server/bin/d037ac076cee195194f93ce6fe2bdfe2969cc82d/out/vs/platform/terminal/node/ptyHostMain.js:25:9948)
    at process.emit (node:events:513:28)
    at emit (node:internal/child_process:937:14)
    at process.processTicksAndRejections (node:internal/process/task_queues:83:21)
[22:23:53] Error [CodeExpectedError]: Could not find pty on pty host
    at L.U (/home/ubuntu/.vscode-server/bin/d037ac076cee195194f93ce6fe2bdfe2969cc82d/out/vs/platform/terminal/node/ptyHostMain.js:43:32314)
    at L.updateTitle (/home/ubuntu/.vscode-server/bin/d037ac076cee195194f93ce6fe2bdfe2969cc82d/out/vs/platform/terminal/node/ptyHostMain.js:43:27475)
    at W.<computed> (/home/ubuntu/.vscode-server/bin/d037ac076cee195194f93ce6fe2bdfe2969cc82d/out/vs/platform/terminal/node/ptyHostMain.js:43:22722)
    at Object.call (/home/ubuntu/.vscode-server/bin/d037ac076cee195194f93ce6fe2bdfe2969cc82d/out/vs/platform/terminal/node/ptyHostMain.js:34:5005)
    at c.s (/home/ubuntu/.vscode-server/bin/d037ac076cee195194f93ce6fe2bdfe2969cc82d/out/vs/platform/terminal/node/ptyHostMain.js:32:5118)
    at c.q (/home/ubuntu/.vscode-server/bin/d037ac076cee195194f93ce6fe2bdfe2969cc82d/out/vs/platform/terminal/node/ptyHostMain.js:32:4641)
    at g.value (/home/ubuntu/.vscode-server/bin/d037ac076cee195194f93ce6fe2bdfe2969cc82d/out/vs/platform/terminal/node/ptyHostMain.js:32:4052)
    at r.y (/home/ubuntu/.vscode-server/bin/d037ac076cee195194f93ce6fe2bdfe2969cc82d/out/vs/platform/terminal/node/ptyHostMain.js:27:1902)
    at r.fire (/home/ubuntu/.vscode-server/bin/d037ac076cee195194f93ce6fe2bdfe2969cc82d/out/vs/platform/terminal/node/ptyHostMain.js:27:2119)
    at process.le (/home/ubuntu/.vscode-server/bin/d037ac076cee195194f93ce6fe2bdfe2969cc82d/out/vs/platform/terminal/node/ptyHostMain.js:25:9948)
    at process.emit (node:events:513:28)
    at emit (node:internal/child_process:937:14)
    at process.processTicksAndRejections (node:internal/process/task_queues:83:21)
[22:24:02] [127.0.0.1][c03ce790][ManagementConnection] The client has disconnected gracefully, so the connection will be disposed.
[22:24:02] [127.0.0.1][0d7c7e46][ExtensionHostConnection] <1228> Extension Host Process exited with code: 0, signal: null.
Cancelling previous shutdown timeout
[22:24:02] Cancelling previous shutdown timeout
Last EH closed, waiting before shutting down
[22:24:02] Last EH closed, waiting before shutting down
Got delay-shutdown request while in shutdown timeout, delaying
[22:24:06] Got delay-shutdown request while in shutdown timeout, delaying
Cancelling previous shutdown timeout
[22:24:06] Cancelling previous shutdown timeout
[22:24:07] [127.0.0.1][c208984e][ManagementConnection] New connection established.
[22:24:07] [127.0.0.1][50f7b23e][ExtensionHostConnection] New connection established.
[22:24:07] [127.0.0.1][50f7b23e][ExtensionHostConnection] <1491> Launched Extension Host Process.
rejected promise not handled within 1 second: CodeExpectedError: Could not find pty on pty host
stack trace: CodeExpectedError: Could not find pty on pty host
    at L.U (/home/ubuntu/.vscode-server/bin/d037ac076cee195194f93ce6fe2bdfe2969cc82d/out/vs/platform/terminal/node/ptyHostMain.js:43:32314)
    at L.updateIcon (/home/ubuntu/.vscode-server/bin/d037ac076cee195194f93ce6fe2bdfe2969cc82d/out/vs/platform/terminal/node/ptyHostMain.js:43:27526)
    at W.<computed> (/home/ubuntu/.vscode-server/bin/d037ac076cee195194f93ce6fe2bdfe2969cc82d/out/vs/platform/terminal/node/ptyHostMain.js:43:22722)
    at Object.call (/home/ubuntu/.vscode-server/bin/d037ac076cee195194f93ce6fe2bdfe2969cc82d/out/vs/platform/terminal/node/ptyHostMain.js:34:5005)
    at c.s (/home/ubuntu/.vscode-server/bin/d037ac076cee195194f93ce6fe2bdfe2969cc82d/out/vs/platform/terminal/node/ptyHostMain.js:32:5118)
    at c.q (/home/ubuntu/.vscode-server/bin/d037ac076cee195194f93ce6fe2bdfe2969cc82d/out/vs/platform/terminal/node/ptyHostMain.js:32:4641)
    at g.value (/home/ubuntu/.vscode-server/bin/d037ac076cee195194f93ce6fe2bdfe2969cc82d/out/vs/platform/terminal/node/ptyHostMain.js:32:4052)
    at r.y (/home/ubuntu/.vscode-server/bin/d037ac076cee195194f93ce6fe2bdfe2969cc82d/out/vs/platform/terminal/node/ptyHostMain.js:27:1902)
    at r.fire (/home/ubuntu/.vscode-server/bin/d037ac076cee195194f93ce6fe2bdfe2969cc82d/out/vs/platform/terminal/node/ptyHostMain.js:27:2119)
    at process.le (/home/ubuntu/.vscode-server/bin/d037ac076cee195194f93ce6fe2bdfe2969cc82d/out/vs/platform/terminal/node/ptyHostMain.js:25:9948)
    at process.emit (node:events:513:28)
    at emit (node:internal/child_process:937:14)
    at process.processTicksAndRejections (node:internal/process/task_queues:83:21)
[22:24:15] Error [CodeExpectedError]: Could not find pty on pty host
    at L.U (/home/ubuntu/.vscode-server/bin/d037ac076cee195194f93ce6fe2bdfe2969cc82d/out/vs/platform/terminal/node/ptyHostMain.js:43:32314)
    at L.updateIcon (/home/ubuntu/.vscode-server/bin/d037ac076cee195194f93ce6fe2bdfe2969cc82d/out/vs/platform/terminal/node/ptyHostMain.js:43:27526)
    at W.<computed> (/home/ubuntu/.vscode-server/bin/d037ac076cee195194f93ce6fe2bdfe2969cc82d/out/vs/platform/terminal/node/ptyHostMain.js:43:22722)
    at Object.call (/home/ubuntu/.vscode-server/bin/d037ac076cee195194f93ce6fe2bdfe2969cc82d/out/vs/platform/terminal/node/ptyHostMain.js:34:5005)
    at c.s (/home/ubuntu/.vscode-server/bin/d037ac076cee195194f93ce6fe2bdfe2969cc82d/out/vs/platform/terminal/node/ptyHostMain.js:32:5118)
    at c.q (/home/ubuntu/.vscode-server/bin/d037ac076cee195194f93ce6fe2bdfe2969cc82d/out/vs/platform/terminal/node/ptyHostMain.js:32:4641)
    at g.value (/home/ubuntu/.vscode-server/bin/d037ac076cee195194f93ce6fe2bdfe2969cc82d/out/vs/platform/terminal/node/ptyHostMain.js:32:4052)
    at r.y (/home/ubuntu/.vscode-server/bin/d037ac076cee195194f93ce6fe2bdfe2969cc82d/out/vs/platform/terminal/node/ptyHostMain.js:27:1902)
    at r.fire (/home/ubuntu/.vscode-server/bin/d037ac076cee195194f93ce6fe2bdfe2969cc82d/out/vs/platform/terminal/node/ptyHostMain.js:27:2119)
    at process.le (/home/ubuntu/.vscode-server/bin/d037ac076cee195194f93ce6fe2bdfe2969cc82d/out/vs/platform/terminal/node/ptyHostMain.js:25:9948)
    at process.emit (node:events:513:28)
    at emit (node:internal/child_process:937:14)
    at process.processTicksAndRejections (node:internal/process/task_queues:83:21)
rejected promise not handled within 1 second: CodeExpectedError: Could not find pty on pty host
stack trace: CodeExpectedError: Could not find pty on pty host
    at L.U (/home/ubuntu/.vscode-server/bin/d037ac076cee195194f93ce6fe2bdfe2969cc82d/out/vs/platform/terminal/node/ptyHostMain.js:43:32314)
    at L.updateTitle (/home/ubuntu/.vscode-server/bin/d037ac076cee195194f93ce6fe2bdfe2969cc82d/out/vs/platform/terminal/node/ptyHostMain.js:43:27475)
    at W.<computed> (/home/ubuntu/.vscode-server/bin/d037ac076cee195194f93ce6fe2bdfe2969cc82d/out/vs/platform/terminal/node/ptyHostMain.js:43:22722)
    at Object.call (/home/ubuntu/.vscode-server/bin/d037ac076cee195194f93ce6fe2bdfe2969cc82d/out/vs/platform/terminal/node/ptyHostMain.js:34:5005)
    at c.s (/home/ubuntu/.vscode-server/bin/d037ac076cee195194f93ce6fe2bdfe2969cc82d/out/vs/platform/terminal/node/ptyHostMain.js:32:5118)
    at c.q (/home/ubuntu/.vscode-server/bin/d037ac076cee195194f93ce6fe2bdfe2969cc82d/out/vs/platform/terminal/node/ptyHostMain.js:32:4641)
    at g.value (/home/ubuntu/.vscode-server/bin/d037ac076cee195194f93ce6fe2bdfe2969cc82d/out/vs/platform/terminal/node/ptyHostMain.js:32:4052)
    at r.y (/home/ubuntu/.vscode-server/bin/d037ac076cee195194f93ce6fe2bdfe2969cc82d/out/vs/platform/terminal/node/ptyHostMain.js:27:1902)
    at r.fire (/home/ubuntu/.vscode-server/bin/d037ac076cee195194f93ce6fe2bdfe2969cc82d/out/vs/platform/terminal/node/ptyHostMain.js:27:2119)
    at process.le (/home/ubuntu/.vscode-server/bin/d037ac076cee195194f93ce6fe2bdfe2969cc82d/out/vs/platform/terminal/node/ptyHostMain.js:25:9948)
    at process.emit (node:events:513:28)
    at emit (node:internal/child_process:937:14)
    at process.processTicksAndRejections (node:internal/process/task_queues:83:21)
[22:24:15] Error [CodeExpectedError]: Could not find pty on pty host
    at L.U (/home/ubuntu/.vscode-server/bin/d037ac076cee195194f93ce6fe2bdfe2969cc82d/out/vs/platform/terminal/node/ptyHostMain.js:43:32314)
    at L.updateTitle (/home/ubuntu/.vscode-server/bin/d037ac076cee195194f93ce6fe2bdfe2969cc82d/out/vs/platform/terminal/node/ptyHostMain.js:43:27475)
    at W.<computed> (/home/ubuntu/.vscode-server/bin/d037ac076cee195194f93ce6fe2bdfe2969cc82d/out/vs/platform/terminal/node/ptyHostMain.js:43:22722)
    at Object.call (/home/ubuntu/.vscode-server/bin/d037ac076cee195194f93ce6fe2bdfe2969cc82d/out/vs/platform/terminal/node/ptyHostMain.js:34:5005)
    at c.s (/home/ubuntu/.vscode-server/bin/d037ac076cee195194f93ce6fe2bdfe2969cc82d/out/vs/platform/terminal/node/ptyHostMain.js:32:5118)
    at c.q (/home/ubuntu/.vscode-server/bin/d037ac076cee195194f93ce6fe2bdfe2969cc82d/out/vs/platform/terminal/node/ptyHostMain.js:32:4641)
    at g.value (/home/ubuntu/.vscode-server/bin/d037ac076cee195194f93ce6fe2bdfe2969cc82d/out/vs/platform/terminal/node/ptyHostMain.js:32:4052)
    at r.y (/home/ubuntu/.vscode-server/bin/d037ac076cee195194f93ce6fe2bdfe2969cc82d/out/vs/platform/terminal/node/ptyHostMain.js:27:1902)
    at r.fire (/home/ubuntu/.vscode-server/bin/d037ac076cee195194f93ce6fe2bdfe2969cc82d/out/vs/platform/terminal/node/ptyHostMain.js:27:2119)
    at process.le (/home/ubuntu/.vscode-server/bin/d037ac076cee195194f93ce6fe2bdfe2969cc82d/out/vs/platform/terminal/node/ptyHostMain.js:25:9948)
    at process.emit (node:events:513:28)
    at emit (node:internal/child_process:937:14)
    at process.processTicksAndRejections (node:internal/process/task_queues:83:21)
rejected promise not handled within 1 second: CodeExpectedError: Could not find pty on pty host
stack trace: CodeExpectedError: Could not find pty on pty host
    at L.U (/home/ubuntu/.vscode-server/bin/d037ac076cee195194f93ce6fe2bdfe2969cc82d/out/vs/platform/terminal/node/ptyHostMain.js:43:32314)
    at L.updateTitle (/home/ubuntu/.vscode-server/bin/d037ac076cee195194f93ce6fe2bdfe2969cc82d/out/vs/platform/terminal/node/ptyHostMain.js:43:27475)
    at W.<computed> (/home/ubuntu/.vscode-server/bin/d037ac076cee195194f93ce6fe2bdfe2969cc82d/out/vs/platform/terminal/node/ptyHostMain.js:43:22722)
    at Object.call (/home/ubuntu/.vscode-server/bin/d037ac076cee195194f93ce6fe2bdfe2969cc82d/out/vs/platform/terminal/node/ptyHostMain.js:34:5005)
    at c.s (/home/ubuntu/.vscode-server/bin/d037ac076cee195194f93ce6fe2bdfe2969cc82d/out/vs/platform/terminal/node/ptyHostMain.js:32:5118)
    at c.q (/home/ubuntu/.vscode-server/bin/d037ac076cee195194f93ce6fe2bdfe2969cc82d/out/vs/platform/terminal/node/ptyHostMain.js:32:4641)
    at g.value (/home/ubuntu/.vscode-server/bin/d037ac076cee195194f93ce6fe2bdfe2969cc82d/out/vs/platform/terminal/node/ptyHostMain.js:32:4052)
    at r.y (/home/ubuntu/.vscode-server/bin/d037ac076cee195194f93ce6fe2bdfe2969cc82d/out/vs/platform/terminal/node/ptyHostMain.js:27:1902)
    at r.fire (/home/ubuntu/.vscode-server/bin/d037ac076cee195194f93ce6fe2bdfe2969cc82d/out/vs/platform/terminal/node/ptyHostMain.js:27:2119)
    at process.le (/home/ubuntu/.vscode-server/bin/d037ac076cee195194f93ce6fe2bdfe2969cc82d/out/vs/platform/terminal/node/ptyHostMain.js:25:9948)
    at process.emit (node:events:513:28)
    at emit (node:internal/child_process:937:14)
    at process.processTicksAndRejections (node:internal/process/task_queues:83:21)
[22:24:16] Error [CodeExpectedError]: Could not find pty on pty host
    at L.U (/home/ubuntu/.vscode-server/bin/d037ac076cee195194f93ce6fe2bdfe2969cc82d/out/vs/platform/terminal/node/ptyHostMain.js:43:32314)
    at L.updateTitle (/home/ubuntu/.vscode-server/bin/d037ac076cee195194f93ce6fe2bdfe2969cc82d/out/vs/platform/terminal/node/ptyHostMain.js:43:27475)
    at W.<computed> (/home/ubuntu/.vscode-server/bin/d037ac076cee195194f93ce6fe2bdfe2969cc82d/out/vs/platform/terminal/node/ptyHostMain.js:43:22722)
    at Object.call (/home/ubuntu/.vscode-server/bin/d037ac076cee195194f93ce6fe2bdfe2969cc82d/out/vs/platform/terminal/node/ptyHostMain.js:34:5005)
    at c.s (/home/ubuntu/.vscode-server/bin/d037ac076cee195194f93ce6fe2bdfe2969cc82d/out/vs/platform/terminal/node/ptyHostMain.js:32:5118)
    at c.q (/home/ubuntu/.vscode-server/bin/d037ac076cee195194f93ce6fe2bdfe2969cc82d/out/vs/platform/terminal/node/ptyHostMain.js:32:4641)
    at g.value (/home/ubuntu/.vscode-server/bin/d037ac076cee195194f93ce6fe2bdfe2969cc82d/out/vs/platform/terminal/node/ptyHostMain.js:32:4052)
    at r.y (/home/ubuntu/.vscode-server/bin/d037ac076cee195194f93ce6fe2bdfe2969cc82d/out/vs/platform/terminal/node/ptyHostMain.js:27:1902)
    at r.fire (/home/ubuntu/.vscode-server/bin/d037ac076cee195194f93ce6fe2bdfe2969cc82d/out/vs/platform/terminal/node/ptyHostMain.js:27:2119)
    at process.le (/home/ubuntu/.vscode-server/bin/d037ac076cee195194f93ce6fe2bdfe2969cc82d/out/vs/platform/terminal/node/ptyHostMain.js:25:9948)
    at process.emit (node:events:513:28)
    at emit (node:internal/child_process:937:14)
    at process.processTicksAndRejections (node:internal/process/task_queues:83:21)
rejected promise not handled within 1 second: CodeExpectedError: Could not find pty on pty host
stack trace: CodeExpectedError: Could not find pty on pty host
    at L.U (/home/ubuntu/.vscode-server/bin/d037ac076cee195194f93ce6fe2bdfe2969cc82d/out/vs/platform/terminal/node/ptyHostMain.js:43:32314)
    at L.updateTitle (/home/ubuntu/.vscode-server/bin/d037ac076cee195194f93ce6fe2bdfe2969cc82d/out/vs/platform/terminal/node/ptyHostMain.js:43:27475)
    at W.<computed> (/home/ubuntu/.vscode-server/bin/d037ac076cee195194f93ce6fe2bdfe2969cc82d/out/vs/platform/terminal/node/ptyHostMain.js:43:22722)
    at Object.call (/home/ubuntu/.vscode-server/bin/d037ac076cee195194f93ce6fe2bdfe2969cc82d/out/vs/platform/terminal/node/ptyHostMain.js:34:5005)
    at c.s (/home/ubuntu/.vscode-server/bin/d037ac076cee195194f93ce6fe2bdfe2969cc82d/out/vs/platform/terminal/node/ptyHostMain.js:32:5118)
    at c.q (/home/ubuntu/.vscode-server/bin/d037ac076cee195194f93ce6fe2bdfe2969cc82d/out/vs/platform/terminal/node/ptyHostMain.js:32:4641)
    at g.value (/home/ubuntu/.vscode-server/bin/d037ac076cee195194f93ce6fe2bdfe2969cc82d/out/vs/platform/terminal/node/ptyHostMain.js:32:4052)
    at r.y (/home/ubuntu/.vscode-server/bin/d037ac076cee195194f93ce6fe2bdfe2969cc82d/out/vs/platform/terminal/node/ptyHostMain.js:27:1902)
    at r.fire (/home/ubuntu/.vscode-server/bin/d037ac076cee195194f93ce6fe2bdfe2969cc82d/out/vs/platform/terminal/node/ptyHostMain.js:27:2119)
    at process.le (/home/ubuntu/.vscode-server/bin/d037ac076cee195194f93ce6fe2bdfe2969cc82d/out/vs/platform/terminal/node/ptyHostMain.js:25:9948)
    at process.emit (node:events:513:28)
    at emit (node:internal/child_process:937:14)
    at process.processTicksAndRejections (node:internal/process/task_queues:83:21)
[22:24:17] Error [CodeExpectedError]: Could not find pty on pty host
    at L.U (/home/ubuntu/.vscode-server/bin/d037ac076cee195194f93ce6fe2bdfe2969cc82d/out/vs/platform/terminal/node/ptyHostMain.js:43:32314)
    at L.updateTitle (/home/ubuntu/.vscode-server/bin/d037ac076cee195194f93ce6fe2bdfe2969cc82d/out/vs/platform/terminal/node/ptyHostMain.js:43:27475)
    at W.<computed> (/home/ubuntu/.vscode-server/bin/d037ac076cee195194f93ce6fe2bdfe2969cc82d/out/vs/platform/terminal/node/ptyHostMain.js:43:22722)
    at Object.call (/home/ubuntu/.vscode-server/bin/d037ac076cee195194f93ce6fe2bdfe2969cc82d/out/vs/platform/terminal/node/ptyHostMain.js:34:5005)
    at c.s (/home/ubuntu/.vscode-server/bin/d037ac076cee195194f93ce6fe2bdfe2969cc82d/out/vs/platform/terminal/node/ptyHostMain.js:32:5118)
    at c.q (/home/ubuntu/.vscode-server/bin/d037ac076cee195194f93ce6fe2bdfe2969cc82d/out/vs/platform/terminal/node/ptyHostMain.js:32:4641)
    at g.value (/home/ubuntu/.vscode-server/bin/d037ac076cee195194f93ce6fe2bdfe2969cc82d/out/vs/platform/terminal/node/ptyHostMain.js:32:4052)
    at r.y (/home/ubuntu/.vscode-server/bin/d037ac076cee195194f93ce6fe2bdfe2969cc82d/out/vs/platform/terminal/node/ptyHostMain.js:27:1902)
    at r.fire (/home/ubuntu/.vscode-server/bin/d037ac076cee195194f93ce6fe2bdfe2969cc82d/out/vs/platform/terminal/node/ptyHostMain.js:27:2119)
    at process.le (/home/ubuntu/.vscode-server/bin/d037ac076cee195194f93ce6fe2bdfe2969cc82d/out/vs/platform/terminal/node/ptyHostMain.js:25:9948)
    at process.emit (node:events:513:28)
    at emit (node:internal/child_process:937:14)
    at process.processTicksAndRejections (node:internal/process/task_queues:83:21)
New EH opened, aborting shutdown
[22:29:06] New EH opened, aborting shutdown
[22:36:20] [127.0.0.1][c208984e][ManagementConnection] The client has reconnected.
[22:36:20] [127.0.0.1][50f7b23e][ExtensionHostConnection] The client has reconnected.
rejected promise not handled within 1 second: CodeExpectedError: Could not find pty on pty host
stack trace: CodeExpectedError: Could not find pty on pty host
    at L.U (/home/ubuntu/.vscode-server/bin/d037ac076cee195194f93ce6fe2bdfe2969cc82d/out/vs/platform/terminal/node/ptyHostMain.js:43:32314)
    at L.updateIcon (/home/ubuntu/.vscode-server/bin/d037ac076cee195194f93ce6fe2bdfe2969cc82d/out/vs/platform/terminal/node/ptyHostMain.js:43:27526)
    at W.<computed> (/home/ubuntu/.vscode-server/bin/d037ac076cee195194f93ce6fe2bdfe2969cc82d/out/vs/platform/terminal/node/ptyHostMain.js:43:22722)
    at Object.call (/home/ubuntu/.vscode-server/bin/d037ac076cee195194f93ce6fe2bdfe2969cc82d/out/vs/platform/terminal/node/ptyHostMain.js:34:5005)
    at c.s (/home/ubuntu/.vscode-server/bin/d037ac076cee195194f93ce6fe2bdfe2969cc82d/out/vs/platform/terminal/node/ptyHostMain.js:32:5118)
    at c.q (/home/ubuntu/.vscode-server/bin/d037ac076cee195194f93ce6fe2bdfe2969cc82d/out/vs/platform/terminal/node/ptyHostMain.js:32:4641)
    at g.value (/home/ubuntu/.vscode-server/bin/d037ac076cee195194f93ce6fe2bdfe2969cc82d/out/vs/platform/terminal/node/ptyHostMain.js:32:4052)
    at r.y (/home/ubuntu/.vscode-server/bin/d037ac076cee195194f93ce6fe2bdfe2969cc82d/out/vs/platform/terminal/node/ptyHostMain.js:27:1902)
    at r.fire (/home/ubuntu/.vscode-server/bin/d037ac076cee195194f93ce6fe2bdfe2969cc82d/out/vs/platform/terminal/node/ptyHostMain.js:27:2119)
    at process.le (/home/ubuntu/.vscode-server/bin/d037ac076cee195194f93ce6fe2bdfe2969cc82d/out/vs/platform/terminal/node/ptyHostMain.js:25:9948)
    at process.emit (node:events:513:28)
    at emit (node:internal/child_process:937:14)
    at process.processTicksAndRejections (node:internal/process/task_queues:83:21)
[22:36:21] Error [CodeExpectedError]: Could not find pty on pty host
    at L.U (/home/ubuntu/.vscode-server/bin/d037ac076cee195194f93ce6fe2bdfe2969cc82d/out/vs/platform/terminal/node/ptyHostMain.js:43:32314)
    at L.updateIcon (/home/ubuntu/.vscode-server/bin/d037ac076cee195194f93ce6fe2bdfe2969cc82d/out/vs/platform/terminal/node/ptyHostMain.js:43:27526)
    at W.<computed> (/home/ubuntu/.vscode-server/bin/d037ac076cee195194f93ce6fe2bdfe2969cc82d/out/vs/platform/terminal/node/ptyHostMain.js:43:22722)
    at Object.call (/home/ubuntu/.vscode-server/bin/d037ac076cee195194f93ce6fe2bdfe2969cc82d/out/vs/platform/terminal/node/ptyHostMain.js:34:5005)
    at c.s (/home/ubuntu/.vscode-server/bin/d037ac076cee195194f93ce6fe2bdfe2969cc82d/out/vs/platform/terminal/node/ptyHostMain.js:32:5118)
    at c.q (/home/ubuntu/.vscode-server/bin/d037ac076cee195194f93ce6fe2bdfe2969cc82d/out/vs/platform/terminal/node/ptyHostMain.js:32:4641)
    at g.value (/home/ubuntu/.vscode-server/bin/d037ac076cee195194f93ce6fe2bdfe2969cc82d/out/vs/platform/terminal/node/ptyHostMain.js:32:4052)
    at r.y (/home/ubuntu/.vscode-server/bin/d037ac076cee195194f93ce6fe2bdfe2969cc82d/out/vs/platform/terminal/node/ptyHostMain.js:27:1902)
    at r.fire (/home/ubuntu/.vscode-server/bin/d037ac076cee195194f93ce6fe2bdfe2969cc82d/out/vs/platform/terminal/node/ptyHostMain.js:27:2119)
    at process.le (/home/ubuntu/.vscode-server/bin/d037ac076cee195194f93ce6fe2bdfe2969cc82d/out/vs/platform/terminal/node/ptyHostMain.js:25:9948)
    at process.emit (node:events:513:28)
    at emit (node:internal/child_process:937:14)
    at process.processTicksAndRejections (node:internal/process/task_queues:83:21)
rejected promise not handled within 1 second: CodeExpectedError: Could not find pty on pty host
stack trace: CodeExpectedError: Could not find pty on pty host
    at L.U (/home/ubuntu/.vscode-server/bin/d037ac076cee195194f93ce6fe2bdfe2969cc82d/out/vs/platform/terminal/node/ptyHostMain.js:43:32314)
    at L.updateIcon (/home/ubuntu/.vscode-server/bin/d037ac076cee195194f93ce6fe2bdfe2969cc82d/out/vs/platform/terminal/node/ptyHostMain.js:43:27526)
    at W.<computed> (/home/ubuntu/.vscode-server/bin/d037ac076cee195194f93ce6fe2bdfe2969cc82d/out/vs/platform/terminal/node/ptyHostMain.js:43:22722)
    at Object.call (/home/ubuntu/.vscode-server/bin/d037ac076cee195194f93ce6fe2bdfe2969cc82d/out/vs/platform/terminal/node/ptyHostMain.js:34:5005)
    at c.s (/home/ubuntu/.vscode-server/bin/d037ac076cee195194f93ce6fe2bdfe2969cc82d/out/vs/platform/terminal/node/ptyHostMain.js:32:5118)
    at c.q (/home/ubuntu/.vscode-server/bin/d037ac076cee195194f93ce6fe2bdfe2969cc82d/out/vs/platform/terminal/node/ptyHostMain.js:32:4641)
    at g.value (/home/ubuntu/.vscode-server/bin/d037ac076cee195194f93ce6fe2bdfe2969cc82d/out/vs/platform/terminal/node/ptyHostMain.js:32:4052)
    at r.y (/home/ubuntu/.vscode-server/bin/d037ac076cee195194f93ce6fe2bdfe2969cc82d/out/vs/platform/terminal/node/ptyHostMain.js:27:1902)
    at r.fire (/home/ubuntu/.vscode-server/bin/d037ac076cee195194f93ce6fe2bdfe2969cc82d/out/vs/platform/terminal/node/ptyHostMain.js:27:2119)
    at process.le (/home/ubuntu/.vscode-server/bin/d037ac076cee195194f93ce6fe2bdfe2969cc82d/out/vs/platform/terminal/node/ptyHostMain.js:25:9948)
    at process.emit (node:events:513:28)
    at emit (node:internal/child_process:937:14)
    at process.processTicksAndRejections (node:internal/process/task_queues:83:21)
[22:36:21] Error [CodeExpectedError]: Could not find pty on pty host
    at L.U (/home/ubuntu/.vscode-server/bin/d037ac076cee195194f93ce6fe2bdfe2969cc82d/out/vs/platform/terminal/node/ptyHostMain.js:43:32314)
    at L.updateIcon (/home/ubuntu/.vscode-server/bin/d037ac076cee195194f93ce6fe2bdfe2969cc82d/out/vs/platform/terminal/node/ptyHostMain.js:43:27526)
    at W.<computed> (/home/ubuntu/.vscode-server/bin/d037ac076cee195194f93ce6fe2bdfe2969cc82d/out/vs/platform/terminal/node/ptyHostMain.js:43:22722)
    at Object.call (/home/ubuntu/.vscode-server/bin/d037ac076cee195194f93ce6fe2bdfe2969cc82d/out/vs/platform/terminal/node/ptyHostMain.js:34:5005)
    at c.s (/home/ubuntu/.vscode-server/bin/d037ac076cee195194f93ce6fe2bdfe2969cc82d/out/vs/platform/terminal/node/ptyHostMain.js:32:5118)
    at c.q (/home/ubuntu/.vscode-server/bin/d037ac076cee195194f93ce6fe2bdfe2969cc82d/out/vs/platform/terminal/node/ptyHostMain.js:32:4641)
    at g.value (/home/ubuntu/.vscode-server/bin/d037ac076cee195194f93ce6fe2bdfe2969cc82d/out/vs/platform/terminal/node/ptyHostMain.js:32:4052)
    at r.y (/home/ubuntu/.vscode-server/bin/d037ac076cee195194f93ce6fe2bdfe2969cc82d/out/vs/platform/terminal/node/ptyHostMain.js:27:1902)
    at r.fire (/home/ubuntu/.vscode-server/bin/d037ac076cee195194f93ce6fe2bdfe2969cc82d/out/vs/platform/terminal/node/ptyHostMain.js:27:2119)
    at process.le (/home/ubuntu/.vscode-server/bin/d037ac076cee195194f93ce6fe2bdfe2969cc82d/out/vs/platform/terminal/node/ptyHostMain.js:25:9948)
    at process.emit (node:events:513:28)
    at emit (node:internal/child_process:937:14)
    at process.processTicksAndRejections (node:internal/process/task_queues:83:21)
rejected promise not handled within 1 second: CodeExpectedError: Could not find pty on pty host
stack trace: CodeExpectedError: Could not find pty on pty host
    at L.U (/home/ubuntu/.vscode-server/bin/d037ac076cee195194f93ce6fe2bdfe2969cc82d/out/vs/platform/terminal/node/ptyHostMain.js:43:32314)
    at L.updateTitle (/home/ubuntu/.vscode-server/bin/d037ac076cee195194f93ce6fe2bdfe2969cc82d/out/vs/platform/terminal/node/ptyHostMain.js:43:27475)
    at W.<computed> (/home/ubuntu/.vscode-server/bin/d037ac076cee195194f93ce6fe2bdfe2969cc82d/out/vs/platform/terminal/node/ptyHostMain.js:43:22722)
    at Object.call (/home/ubuntu/.vscode-server/bin/d037ac076cee195194f93ce6fe2bdfe2969cc82d/out/vs/platform/terminal/node/ptyHostMain.js:34:5005)
    at c.s (/home/ubuntu/.vscode-server/bin/d037ac076cee195194f93ce6fe2bdfe2969cc82d/out/vs/platform/terminal/node/ptyHostMain.js:32:5118)
    at c.q (/home/ubuntu/.vscode-server/bin/d037ac076cee195194f93ce6fe2bdfe2969cc82d/out/vs/platform/terminal/node/ptyHostMain.js:32:4641)
    at g.value (/home/ubuntu/.vscode-server/bin/d037ac076cee195194f93ce6fe2bdfe2969cc82d/out/vs/platform/terminal/node/ptyHostMain.js:32:4052)
    at r.y (/home/ubuntu/.vscode-server/bin/d037ac076cee195194f93ce6fe2bdfe2969cc82d/out/vs/platform/terminal/node/ptyHostMain.js:27:1902)
    at r.fire (/home/ubuntu/.vscode-server/bin/d037ac076cee195194f93ce6fe2bdfe2969cc82d/out/vs/platform/terminal/node/ptyHostMain.js:27:2119)
    at process.le (/home/ubuntu/.vscode-server/bin/d037ac076cee195194f93ce6fe2bdfe2969cc82d/out/vs/platform/terminal/node/ptyHostMain.js:25:9948)
    at process.emit (node:events:513:28)
    at emit (node:internal/child_process:937:14)
    at process.processTicksAndRejections (node:internal/process/task_queues:83:21)
[22:36:21] Error [CodeExpectedError]: Could not find pty on pty host
    at L.U (/home/ubuntu/.vscode-server/bin/d037ac076cee195194f93ce6fe2bdfe2969cc82d/out/vs/platform/terminal/node/ptyHostMain.js:43:32314)
    at L.updateTitle (/home/ubuntu/.vscode-server/bin/d037ac076cee195194f93ce6fe2bdfe2969cc82d/out/vs/platform/terminal/node/ptyHostMain.js:43:27475)
    at W.<computed> (/home/ubuntu/.vscode-server/bin/d037ac076cee195194f93ce6fe2bdfe2969cc82d/out/vs/platform/terminal/node/ptyHostMain.js:43:22722)
    at Object.call (/home/ubuntu/.vscode-server/bin/d037ac076cee195194f93ce6fe2bdfe2969cc82d/out/vs/platform/terminal/node/ptyHostMain.js:34:5005)
    at c.s (/home/ubuntu/.vscode-server/bin/d037ac076cee195194f93ce6fe2bdfe2969cc82d/out/vs/platform/terminal/node/ptyHostMain.js:32:5118)
    at c.q (/home/ubuntu/.vscode-server/bin/d037ac076cee195194f93ce6fe2bdfe2969cc82d/out/vs/platform/terminal/node/ptyHostMain.js:32:4641)
    at g.value (/home/ubuntu/.vscode-server/bin/d037ac076cee195194f93ce6fe2bdfe2969cc82d/out/vs/platform/terminal/node/ptyHostMain.js:32:4052)
    at r.y (/home/ubuntu/.vscode-server/bin/d037ac076cee195194f93ce6fe2bdfe2969cc82d/out/vs/platform/terminal/node/ptyHostMain.js:27:1902)
    at r.fire (/home/ubuntu/.vscode-server/bin/d037ac076cee195194f93ce6fe2bdfe2969cc82d/out/vs/platform/terminal/node/ptyHostMain.js:27:2119)
    at process.le (/home/ubuntu/.vscode-server/bin/d037ac076cee195194f93ce6fe2bdfe2969cc82d/out/vs/platform/terminal/node/ptyHostMain.js:25:9948)
    at process.emit (node:events:513:28)
    at emit (node:internal/child_process:937:14)
    at process.processTicksAndRejections (node:internal/process/task_queues:83:21)
rejected promise not handled within 1 second: CodeExpectedError: Could not find pty on pty host
stack trace: CodeExpectedError: Could not find pty on pty host
    at L.U (/home/ubuntu/.vscode-server/bin/d037ac076cee195194f93ce6fe2bdfe2969cc82d/out/vs/platform/terminal/node/ptyHostMain.js:43:32314)
    at L.updateTitle (/home/ubuntu/.vscode-server/bin/d037ac076cee195194f93ce6fe2bdfe2969cc82d/out/vs/platform/terminal/node/ptyHostMain.js:43:27475)
    at W.<computed> (/home/ubuntu/.vscode-server/bin/d037ac076cee195194f93ce6fe2bdfe2969cc82d/out/vs/platform/terminal/node/ptyHostMain.js:43:22722)
    at Object.call (/home/ubuntu/.vscode-server/bin/d037ac076cee195194f93ce6fe2bdfe2969cc82d/out/vs/platform/terminal/node/ptyHostMain.js:34:5005)
    at c.s (/home/ubuntu/.vscode-server/bin/d037ac076cee195194f93ce6fe2bdfe2969cc82d/out/vs/platform/terminal/node/ptyHostMain.js:32:5118)
    at c.q (/home/ubuntu/.vscode-server/bin/d037ac076cee195194f93ce6fe2bdfe2969cc82d/out/vs/platform/terminal/node/ptyHostMain.js:32:4641)
    at g.value (/home/ubuntu/.vscode-server/bin/d037ac076cee195194f93ce6fe2bdfe2969cc82d/out/vs/platform/terminal/node/ptyHostMain.js:32:4052)
    at r.y (/home/ubuntu/.vscode-server/bin/d037ac076cee195194f93ce6fe2bdfe2969cc82d/out/vs/platform/terminal/node/ptyHostMain.js:27:1902)
    at r.fire (/home/ubuntu/.vscode-server/bin/d037ac076cee195194f93ce6fe2bdfe2969cc82d/out/vs/platform/terminal/node/ptyHostMain.js:27:2119)
    at process.le (/home/ubuntu/.vscode-server/bin/d037ac076cee195194f93ce6fe2bdfe2969cc82d/out/vs/platform/terminal/node/ptyHostMain.js:25:9948)
    at process.emit (node:events:513:28)
    at emit (node:internal/child_process:937:14)
    at process.processTicksAndRejections (node:internal/process/task_queues:83:21)
[22:36:21] Error [CodeExpectedError]: Could not find pty on pty host
    at L.U (/home/ubuntu/.vscode-server/bin/d037ac076cee195194f93ce6fe2bdfe2969cc82d/out/vs/platform/terminal/node/ptyHostMain.js:43:32314)
    at L.updateTitle (/home/ubuntu/.vscode-server/bin/d037ac076cee195194f93ce6fe2bdfe2969cc82d/out/vs/platform/terminal/node/ptyHostMain.js:43:27475)
    at W.<computed> (/home/ubuntu/.vscode-server/bin/d037ac076cee195194f93ce6fe2bdfe2969cc82d/out/vs/platform/terminal/node/ptyHostMain.js:43:22722)
    at Object.call (/home/ubuntu/.vscode-server/bin/d037ac076cee195194f93ce6fe2bdfe2969cc82d/out/vs/platform/terminal/node/ptyHostMain.js:34:5005)
    at c.s (/home/ubuntu/.vscode-server/bin/d037ac076cee195194f93ce6fe2bdfe2969cc82d/out/vs/platform/terminal/node/ptyHostMain.js:32:5118)
    at c.q (/home/ubuntu/.vscode-server/bin/d037ac076cee195194f93ce6fe2bdfe2969cc82d/out/vs/platform/terminal/node/ptyHostMain.js:32:4641)
    at g.value (/home/ubuntu/.vscode-server/bin/d037ac076cee195194f93ce6fe2bdfe2969cc82d/out/vs/platform/terminal/node/ptyHostMain.js:32:4052)
    at r.y (/home/ubuntu/.vscode-server/bin/d037ac076cee195194f93ce6fe2bdfe2969cc82d/out/vs/platform/terminal/node/ptyHostMain.js:27:1902)
    at r.fire (/home/ubuntu/.vscode-server/bin/d037ac076cee195194f93ce6fe2bdfe2969cc82d/out/vs/platform/terminal/node/ptyHostMain.js:27:2119)
    at process.le (/home/ubuntu/.vscode-server/bin/d037ac076cee195194f93ce6fe2bdfe2969cc82d/out/vs/platform/terminal/node/ptyHostMain.js:25:9948)
    at process.emit (node:events:513:28)
    at emit (node:internal/child_process:937:14)
    at process.processTicksAndRejections (node:internal/process/task_queues:83:21)
rejected promise not handled within 1 second: CodeExpectedError: Could not find pty on pty host
stack trace: CodeExpectedError: Could not find pty on pty host
    at L.U (/home/ubuntu/.vscode-server/bin/d037ac076cee195194f93ce6fe2bdfe2969cc82d/out/vs/platform/terminal/node/ptyHostMain.js:43:32314)
    at L.updateTitle (/home/ubuntu/.vscode-server/bin/d037ac076cee195194f93ce6fe2bdfe2969cc82d/out/vs/platform/terminal/node/ptyHostMain.js:43:27475)
    at W.<computed> (/home/ubuntu/.vscode-server/bin/d037ac076cee195194f93ce6fe2bdfe2969cc82d/out/vs/platform/terminal/node/ptyHostMain.js:43:22722)
    at Object.call (/home/ubuntu/.vscode-server/bin/d037ac076cee195194f93ce6fe2bdfe2969cc82d/out/vs/platform/terminal/node/ptyHostMain.js:34:5005)
    at c.s (/home/ubuntu/.vscode-server/bin/d037ac076cee195194f93ce6fe2bdfe2969cc82d/out/vs/platform/terminal/node/ptyHostMain.js:32:5118)
    at c.q (/home/ubuntu/.vscode-server/bin/d037ac076cee195194f93ce6fe2bdfe2969cc82d/out/vs/platform/terminal/node/ptyHostMain.js:32:4641)
    at g.value (/home/ubuntu/.vscode-server/bin/d037ac076cee195194f93ce6fe2bdfe2969cc82d/out/vs/platform/terminal/node/ptyHostMain.js:32:4052)
    at r.y (/home/ubuntu/.vscode-server/bin/d037ac076cee195194f93ce6fe2bdfe2969cc82d/out/vs/platform/terminal/node/ptyHostMain.js:27:1902)
    at r.fire (/home/ubuntu/.vscode-server/bin/d037ac076cee195194f93ce6fe2bdfe2969cc82d/out/vs/platform/terminal/node/ptyHostMain.js:27:2119)
    at process.le (/home/ubuntu/.vscode-server/bin/d037ac076cee195194f93ce6fe2bdfe2969cc82d/out/vs/platform/terminal/node/ptyHostMain.js:25:9948)
    at process.emit (node:events:513:28)
    at emit (node:internal/child_process:937:14)
    at process.processTicksAndRejections (node:internal/process/task_queues:83:21)
[22:36:21] Error [CodeExpectedError]: Could not find pty on pty host
    at L.U (/home/ubuntu/.vscode-server/bin/d037ac076cee195194f93ce6fe2bdfe2969cc82d/out/vs/platform/terminal/node/ptyHostMain.js:43:32314)
    at L.updateTitle (/home/ubuntu/.vscode-server/bin/d037ac076cee195194f93ce6fe2bdfe2969cc82d/out/vs/platform/terminal/node/ptyHostMain.js:43:27475)
    at W.<computed> (/home/ubuntu/.vscode-server/bin/d037ac076cee195194f93ce6fe2bdfe2969cc82d/out/vs/platform/terminal/node/ptyHostMain.js:43:22722)
    at Object.call (/home/ubuntu/.vscode-server/bin/d037ac076cee195194f93ce6fe2bdfe2969cc82d/out/vs/platform/terminal/node/ptyHostMain.js:34:5005)
    at c.s (/home/ubuntu/.vscode-server/bin/d037ac076cee195194f93ce6fe2bdfe2969cc82d/out/vs/platform/terminal/node/ptyHostMain.js:32:5118)
    at c.q (/home/ubuntu/.vscode-server/bin/d037ac076cee195194f93ce6fe2bdfe2969cc82d/out/vs/platform/terminal/node/ptyHostMain.js:32:4641)
    at g.value (/home/ubuntu/.vscode-server/bin/d037ac076cee195194f93ce6fe2bdfe2969cc82d/out/vs/platform/terminal/node/ptyHostMain.js:32:4052)
    at r.y (/home/ubuntu/.vscode-server/bin/d037ac076cee195194f93ce6fe2bdfe2969cc82d/out/vs/platform/terminal/node/ptyHostMain.js:27:1902)
    at r.fire (/home/ubuntu/.vscode-server/bin/d037ac076cee195194f93ce6fe2bdfe2969cc82d/out/vs/platform/terminal/node/ptyHostMain.js:27:2119)
    at process.le (/home/ubuntu/.vscode-server/bin/d037ac076cee195194f93ce6fe2bdfe2969cc82d/out/vs/platform/terminal/node/ptyHostMain.js:25:9948)
    at process.emit (node:events:513:28)
    at emit (node:internal/child_process:937:14)
    at process.processTicksAndRejections (node:internal/process/task_queues:83:21)
[23:02:25] [127.0.0.1][50f7b23e][ExtensionHostConnection] The client has reconnected.
[23:02:25] [127.0.0.1][c208984e][ManagementConnection] The client has reconnected.
rejected promise not handled within 1 second: CodeExpectedError: Could not find pty on pty host
stack trace: CodeExpectedError: Could not find pty on pty host
    at L.U (/home/ubuntu/.vscode-server/bin/d037ac076cee195194f93ce6fe2bdfe2969cc82d/out/vs/platform/terminal/node/ptyHostMain.js:43:32314)
    at L.updateIcon (/home/ubuntu/.vscode-server/bin/d037ac076cee195194f93ce6fe2bdfe2969cc82d/out/vs/platform/terminal/node/ptyHostMain.js:43:27526)
    at W.<computed> (/home/ubuntu/.vscode-server/bin/d037ac076cee195194f93ce6fe2bdfe2969cc82d/out/vs/platform/terminal/node/ptyHostMain.js:43:22722)
    at Object.call (/home/ubuntu/.vscode-server/bin/d037ac076cee195194f93ce6fe2bdfe2969cc82d/out/vs/platform/terminal/node/ptyHostMain.js:34:5005)
    at c.s (/home/ubuntu/.vscode-server/bin/d037ac076cee195194f93ce6fe2bdfe2969cc82d/out/vs/platform/terminal/node/ptyHostMain.js:32:5118)
    at c.q (/home/ubuntu/.vscode-server/bin/d037ac076cee195194f93ce6fe2bdfe2969cc82d/out/vs/platform/terminal/node/ptyHostMain.js:32:4641)
    at g.value (/home/ubuntu/.vscode-server/bin/d037ac076cee195194f93ce6fe2bdfe2969cc82d/out/vs/platform/terminal/node/ptyHostMain.js:32:4052)
    at r.y (/home/ubuntu/.vscode-server/bin/d037ac076cee195194f93ce6fe2bdfe2969cc82d/out/vs/platform/terminal/node/ptyHostMain.js:27:1902)
    at r.fire (/home/ubuntu/.vscode-server/bin/d037ac076cee195194f93ce6fe2bdfe2969cc82d/out/vs/platform/terminal/node/ptyHostMain.js:27:2119)
    at process.le (/home/ubuntu/.vscode-server/bin/d037ac076cee195194f93ce6fe2bdfe2969cc82d/out/vs/platform/terminal/node/ptyHostMain.js:25:9948)
    at process.emit (node:events:513:28)
    at emit (node:internal/child_process:937:14)
    at process.processTicksAndRejections (node:internal/process/task_queues:83:21)
[23:02:26] Error [CodeExpectedError]: Could not find pty on pty host
    at L.U (/home/ubuntu/.vscode-server/bin/d037ac076cee195194f93ce6fe2bdfe2969cc82d/out/vs/platform/terminal/node/ptyHostMain.js:43:32314)
    at L.updateIcon (/home/ubuntu/.vscode-server/bin/d037ac076cee195194f93ce6fe2bdfe2969cc82d/out/vs/platform/terminal/node/ptyHostMain.js:43:27526)
    at W.<computed> (/home/ubuntu/.vscode-server/bin/d037ac076cee195194f93ce6fe2bdfe2969cc82d/out/vs/platform/terminal/node/ptyHostMain.js:43:22722)
    at Object.call (/home/ubuntu/.vscode-server/bin/d037ac076cee195194f93ce6fe2bdfe2969cc82d/out/vs/platform/terminal/node/ptyHostMain.js:34:5005)
    at c.s (/home/ubuntu/.vscode-server/bin/d037ac076cee195194f93ce6fe2bdfe2969cc82d/out/vs/platform/terminal/node/ptyHostMain.js:32:5118)
    at c.q (/home/ubuntu/.vscode-server/bin/d037ac076cee195194f93ce6fe2bdfe2969cc82d/out/vs/platform/terminal/node/ptyHostMain.js:32:4641)
    at g.value (/home/ubuntu/.vscode-server/bin/d037ac076cee195194f93ce6fe2bdfe2969cc82d/out/vs/platform/terminal/node/ptyHostMain.js:32:4052)
    at r.y (/home/ubuntu/.vscode-server/bin/d037ac076cee195194f93ce6fe2bdfe2969cc82d/out/vs/platform/terminal/node/ptyHostMain.js:27:1902)
    at r.fire (/home/ubuntu/.vscode-server/bin/d037ac076cee195194f93ce6fe2bdfe2969cc82d/out/vs/platform/terminal/node/ptyHostMain.js:27:2119)
    at process.le (/home/ubuntu/.vscode-server/bin/d037ac076cee195194f93ce6fe2bdfe2969cc82d/out/vs/platform/terminal/node/ptyHostMain.js:25:9948)
    at process.emit (node:events:513:28)
    at emit (node:internal/child_process:937:14)
    at process.processTicksAndRejections (node:internal/process/task_queues:83:21)
rejected promise not handled within 1 second: CodeExpectedError: Could not find pty on pty host
stack trace: CodeExpectedError: Could not find pty on pty host
    at L.U (/home/ubuntu/.vscode-server/bin/d037ac076cee195194f93ce6fe2bdfe2969cc82d/out/vs/platform/terminal/node/ptyHostMain.js:43:32314)
    at L.updateTitle (/home/ubuntu/.vscode-server/bin/d037ac076cee195194f93ce6fe2bdfe2969cc82d/out/vs/platform/terminal/node/ptyHostMain.js:43:27475)
    at W.<computed> (/home/ubuntu/.vscode-server/bin/d037ac076cee195194f93ce6fe2bdfe2969cc82d/out/vs/platform/terminal/node/ptyHostMain.js:43:22722)
    at Object.call (/home/ubuntu/.vscode-server/bin/d037ac076cee195194f93ce6fe2bdfe2969cc82d/out/vs/platform/terminal/node/ptyHostMain.js:34:5005)
    at c.s (/home/ubuntu/.vscode-server/bin/d037ac076cee195194f93ce6fe2bdfe2969cc82d/out/vs/platform/terminal/node/ptyHostMain.js:32:5118)
    at c.q (/home/ubuntu/.vscode-server/bin/d037ac076cee195194f93ce6fe2bdfe2969cc82d/out/vs/platform/terminal/node/ptyHostMain.js:32:4641)
    at g.value (/home/ubuntu/.vscode-server/bin/d037ac076cee195194f93ce6fe2bdfe2969cc82d/out/vs/platform/terminal/node/ptyHostMain.js:32:4052)
    at r.y (/home/ubuntu/.vscode-server/bin/d037ac076cee195194f93ce6fe2bdfe2969cc82d/out/vs/platform/terminal/node/ptyHostMain.js:27:1902)
    at r.fire (/home/ubuntu/.vscode-server/bin/d037ac076cee195194f93ce6fe2bdfe2969cc82d/out/vs/platform/terminal/node/ptyHostMain.js:27:2119)
    at process.le (/home/ubuntu/.vscode-server/bin/d037ac076cee195194f93ce6fe2bdfe2969cc82d/out/vs/platform/terminal/node/ptyHostMain.js:25:9948)
    at process.emit (node:events:513:28)
    at emit (node:internal/child_process:937:14)
    at process.processTicksAndRejections (node:internal/process/task_queues:83:21)
[23:02:26] Error [CodeExpectedError]: Could not find pty on pty host
    at L.U (/home/ubuntu/.vscode-server/bin/d037ac076cee195194f93ce6fe2bdfe2969cc82d/out/vs/platform/terminal/node/ptyHostMain.js:43:32314)
    at L.updateTitle (/home/ubuntu/.vscode-server/bin/d037ac076cee195194f93ce6fe2bdfe2969cc82d/out/vs/platform/terminal/node/ptyHostMain.js:43:27475)
    at W.<computed> (/home/ubuntu/.vscode-server/bin/d037ac076cee195194f93ce6fe2bdfe2969cc82d/out/vs/platform/terminal/node/ptyHostMain.js:43:22722)
    at Object.call (/home/ubuntu/.vscode-server/bin/d037ac076cee195194f93ce6fe2bdfe2969cc82d/out/vs/platform/terminal/node/ptyHostMain.js:34:5005)
    at c.s (/home/ubuntu/.vscode-server/bin/d037ac076cee195194f93ce6fe2bdfe2969cc82d/out/vs/platform/terminal/node/ptyHostMain.js:32:5118)
    at c.q (/home/ubuntu/.vscode-server/bin/d037ac076cee195194f93ce6fe2bdfe2969cc82d/out/vs/platform/terminal/node/ptyHostMain.js:32:4641)
    at g.value (/home/ubuntu/.vscode-server/bin/d037ac076cee195194f93ce6fe2bdfe2969cc82d/out/vs/platform/terminal/node/ptyHostMain.js:32:4052)
    at r.y (/home/ubuntu/.vscode-server/bin/d037ac076cee195194f93ce6fe2bdfe2969cc82d/out/vs/platform/terminal/node/ptyHostMain.js:27:1902)
    at r.fire (/home/ubuntu/.vscode-server/bin/d037ac076cee195194f93ce6fe2bdfe2969cc82d/out/vs/platform/terminal/node/ptyHostMain.js:27:2119)
    at process.le (/home/ubuntu/.vscode-server/bin/d037ac076cee195194f93ce6fe2bdfe2969cc82d/out/vs/platform/terminal/node/ptyHostMain.js:25:9948)
    at process.emit (node:events:513:28)
    at emit (node:internal/child_process:937:14)
    at process.processTicksAndRejections (node:internal/process/task_queues:83:21)
rejected promise not handled within 1 second: CodeExpectedError: Could not find pty on pty host
stack trace: CodeExpectedError: Could not find pty on pty host
    at L.U (/home/ubuntu/.vscode-server/bin/d037ac076cee195194f93ce6fe2bdfe2969cc82d/out/vs/platform/terminal/node/ptyHostMain.js:43:32314)
    at L.updateTitle (/home/ubuntu/.vscode-server/bin/d037ac076cee195194f93ce6fe2bdfe2969cc82d/out/vs/platform/terminal/node/ptyHostMain.js:43:27475)
    at W.<computed> (/home/ubuntu/.vscode-server/bin/d037ac076cee195194f93ce6fe2bdfe2969cc82d/out/vs/platform/terminal/node/ptyHostMain.js:43:22722)
    at Object.call (/home/ubuntu/.vscode-server/bin/d037ac076cee195194f93ce6fe2bdfe2969cc82d/out/vs/platform/terminal/node/ptyHostMain.js:34:5005)
    at c.s (/home/ubuntu/.vscode-server/bin/d037ac076cee195194f93ce6fe2bdfe2969cc82d/out/vs/platform/terminal/node/ptyHostMain.js:32:5118)
    at c.q (/home/ubuntu/.vscode-server/bin/d037ac076cee195194f93ce6fe2bdfe2969cc82d/out/vs/platform/terminal/node/ptyHostMain.js:32:4641)
    at g.value (/home/ubuntu/.vscode-server/bin/d037ac076cee195194f93ce6fe2bdfe2969cc82d/out/vs/platform/terminal/node/ptyHostMain.js:32:4052)
    at r.y (/home/ubuntu/.vscode-server/bin/d037ac076cee195194f93ce6fe2bdfe2969cc82d/out/vs/platform/terminal/node/ptyHostMain.js:27:1902)
    at r.fire (/home/ubuntu/.vscode-server/bin/d037ac076cee195194f93ce6fe2bdfe2969cc82d/out/vs/platform/terminal/node/ptyHostMain.js:27:2119)
    at process.le (/home/ubuntu/.vscode-server/bin/d037ac076cee195194f93ce6fe2bdfe2969cc82d/out/vs/platform/terminal/node/ptyHostMain.js:25:9948)
    at process.emit (node:events:513:28)
    at emit (node:internal/child_process:937:14)
    at process.processTicksAndRejections (node:internal/process/task_queues:83:21)
[23:02:26] Error [CodeExpectedError]: Could not find pty on pty host
    at L.U (/home/ubuntu/.vscode-server/bin/d037ac076cee195194f93ce6fe2bdfe2969cc82d/out/vs/platform/terminal/node/ptyHostMain.js:43:32314)
    at L.updateTitle (/home/ubuntu/.vscode-server/bin/d037ac076cee195194f93ce6fe2bdfe2969cc82d/out/vs/platform/terminal/node/ptyHostMain.js:43:27475)
    at W.<computed> (/home/ubuntu/.vscode-server/bin/d037ac076cee195194f93ce6fe2bdfe2969cc82d/out/vs/platform/terminal/node/ptyHostMain.js:43:22722)
    at Object.call (/home/ubuntu/.vscode-server/bin/d037ac076cee195194f93ce6fe2bdfe2969cc82d/out/vs/platform/terminal/node/ptyHostMain.js:34:5005)
    at c.s (/home/ubuntu/.vscode-server/bin/d037ac076cee195194f93ce6fe2bdfe2969cc82d/out/vs/platform/terminal/node/ptyHostMain.js:32:5118)
    at c.q (/home/ubuntu/.vscode-server/bin/d037ac076cee195194f93ce6fe2bdfe2969cc82d/out/vs/platform/terminal/node/ptyHostMain.js:32:4641)
    at g.value (/home/ubuntu/.vscode-server/bin/d037ac076cee195194f93ce6fe2bdfe2969cc82d/out/vs/platform/terminal/node/ptyHostMain.js:32:4052)
    at r.y (/home/ubuntu/.vscode-server/bin/d037ac076cee195194f93ce6fe2bdfe2969cc82d/out/vs/platform/terminal/node/ptyHostMain.js:27:1902)
    at r.fire (/home/ubuntu/.vscode-server/bin/d037ac076cee195194f93ce6fe2bdfe2969cc82d/out/vs/platform/terminal/node/ptyHostMain.js:27:2119)
    at process.le (/home/ubuntu/.vscode-server/bin/d037ac076cee195194f93ce6fe2bdfe2969cc82d/out/vs/platform/terminal/node/ptyHostMain.js:25:9948)
    at process.emit (node:events:513:28)
    at emit (node:internal/child_process:937:14)
    at process.processTicksAndRejections (node:internal/process/task_queues:83:21)
rejected promise not handled within 1 second: CodeExpectedError: Could not find pty on pty host
stack trace: CodeExpectedError: Could not find pty on pty host
    at L.U (/home/ubuntu/.vscode-server/bin/d037ac076cee195194f93ce6fe2bdfe2969cc82d/out/vs/platform/terminal/node/ptyHostMain.js:43:32314)
    at L.updateTitle (/home/ubuntu/.vscode-server/bin/d037ac076cee195194f93ce6fe2bdfe2969cc82d/out/vs/platform/terminal/node/ptyHostMain.js:43:27475)
    at W.<computed> (/home/ubuntu/.vscode-server/bin/d037ac076cee195194f93ce6fe2bdfe2969cc82d/out/vs/platform/terminal/node/ptyHostMain.js:43:22722)
    at Object.call (/home/ubuntu/.vscode-server/bin/d037ac076cee195194f93ce6fe2bdfe2969cc82d/out/vs/platform/terminal/node/ptyHostMain.js:34:5005)
    at c.s (/home/ubuntu/.vscode-server/bin/d037ac076cee195194f93ce6fe2bdfe2969cc82d/out/vs/platform/terminal/node/ptyHostMain.js:32:5118)
    at c.q (/home/ubuntu/.vscode-server/bin/d037ac076cee195194f93ce6fe2bdfe2969cc82d/out/vs/platform/terminal/node/ptyHostMain.js:32:4641)
    at g.value (/home/ubuntu/.vscode-server/bin/d037ac076cee195194f93ce6fe2bdfe2969cc82d/out/vs/platform/terminal/node/ptyHostMain.js:32:4052)
    at r.y (/home/ubuntu/.vscode-server/bin/d037ac076cee195194f93ce6fe2bdfe2969cc82d/out/vs/platform/terminal/node/ptyHostMain.js:27:1902)
    at r.fire (/home/ubuntu/.vscode-server/bin/d037ac076cee195194f93ce6fe2bdfe2969cc82d/out/vs/platform/terminal/node/ptyHostMain.js:27:2119)
    at process.le (/home/ubuntu/.vscode-server/bin/d037ac076cee195194f93ce6fe2bdfe2969cc82d/out/vs/platform/terminal/node/ptyHostMain.js:25:9948)
    at process.emit (node:events:513:28)
    at emit (node:internal/child_process:937:14)
    at process.processTicksAndRejections (node:internal/process/task_queues:83:21)
[23:02:26] Error [CodeExpectedError]: Could not find pty on pty host
    at L.U (/home/ubuntu/.vscode-server/bin/d037ac076cee195194f93ce6fe2bdfe2969cc82d/out/vs/platform/terminal/node/ptyHostMain.js:43:32314)
    at L.updateTitle (/home/ubuntu/.vscode-server/bin/d037ac076cee195194f93ce6fe2bdfe2969cc82d/out/vs/platform/terminal/node/ptyHostMain.js:43:27475)
    at W.<computed> (/home/ubuntu/.vscode-server/bin/d037ac076cee195194f93ce6fe2bdfe2969cc82d/out/vs/platform/terminal/node/ptyHostMain.js:43:22722)
    at Object.call (/home/ubuntu/.vscode-server/bin/d037ac076cee195194f93ce6fe2bdfe2969cc82d/out/vs/platform/terminal/node/ptyHostMain.js:34:5005)
    at c.s (/home/ubuntu/.vscode-server/bin/d037ac076cee195194f93ce6fe2bdfe2969cc82d/out/vs/platform/terminal/node/ptyHostMain.js:32:5118)
    at c.q (/home/ubuntu/.vscode-server/bin/d037ac076cee195194f93ce6fe2bdfe2969cc82d/out/vs/platform/terminal/node/ptyHostMain.js:32:4641)
    at g.value (/home/ubuntu/.vscode-server/bin/d037ac076cee195194f93ce6fe2bdfe2969cc82d/out/vs/platform/terminal/node/ptyHostMain.js:32:4052)
    at r.y (/home/ubuntu/.vscode-server/bin/d037ac076cee195194f93ce6fe2bdfe2969cc82d/out/vs/platform/terminal/node/ptyHostMain.js:27:1902)
    at r.fire (/home/ubuntu/.vscode-server/bin/d037ac076cee195194f93ce6fe2bdfe2969cc82d/out/vs/platform/terminal/node/ptyHostMain.js:27:2119)
    at process.le (/home/ubuntu/.vscode-server/bin/d037ac076cee195194f93ce6fe2bdfe2969cc82d/out/vs/platform/terminal/node/ptyHostMain.js:25:9948)
    at process.emit (node:events:513:28)
    at emit (node:internal/child_process:937:14)
    at process.processTicksAndRejections (node:internal/process/task_queues:83:21)
